[20:00:17.959] Sistema iniciado con 3 hilos
[20:00:17.968] Marcado inicial: [3, 0, 1, 0, 0, 0, 1, 0, 0, 0, 0, 0]
[20:00:17.973] T0 | Marcado: [2,1,0,0,0,0,1,0,0,0,0,0]
[20:00:18.057] T1 | Marcado: [2,0,1,1,0,0,1,0,0,0,0,0]
[20:00:18.061] T0 | Marcado: [1,1,0,1,0,0,1,0,0,0,0,0]
[20:00:18.061] T1 | Marcado: [1,0,1,2,0,0,1,0,0,0,0,0]
[20:00:18.070] T0 | Marcado: [0,1,0,2,0,0,1,0,0,0,0,0]
[20:00:18.073] T1 | Marcado: [0,0,1,3,0,0,1,0,0,0,0,0]
[20:00:18.160] T2 | Marcado: [0,0,1,2,1,0,0,0,0,0,0,0]
[20:00:18.161] T3 | Marcado: [0,0,1,2,0,1,0,0,0,0,0,0]
[20:00:18.243] T4 | Marcado: [0,0,1,2,0,0,1,0,0,0,0,1]
[20:00:18.246] T7 | Marcado: [0,0,1,1,0,0,0,0,1,0,0,1]
[20:00:18.246] T8 | Marcado: [0,0,1,1,0,0,0,0,0,1,0,1]
[20:00:18.327] T9 | Marcado: [0,0,1,1,0,0,0,0,0,0,1,1]
[20:00:18.363] T11 | Marcado: [1,0,1,1,0,0,0,0,0,0,1,0]
[20:00:18.366] T0 | Marcado: [0,1,0,1,0,0,0,0,0,0,1,0]
[20:00:18.366] T1 | Marcado: [0,0,1,2,0,0,0,0,0,0,1,0]
[20:00:18.410] T10 | Marcado: [0,0,1,2,0,0,1,0,0,0,0,1]
[20:00:18.414] T5 | Marcado: [0,0,1,1,0,0,0,1,0,0,0,1]
[20:00:18.415] T6 | Marcado: [0,0,1,1,0,0,1,0,0,0,0,2]
[20:00:18.468] T2 | Marcado: [0,0,1,0,1,0,0,0,0,0,0,2]
[20:00:18.469] T3 | Marcado: [0,0,1,0,0,1,0,0,0,0,0,2]
[20:00:18.497] T11 | Marcado: [1,0,1,0,0,1,0,0,0,0,0,1]
[20:00:18.499] T0 | Marcado: [0,1,0,0,0,1,0,0,0,0,0,1]
[20:00:18.499] T1 | Marcado: [0,0,1,1,0,1,0,0,0,0,0,1]
[20:00:18.512] T11 | Marcado: [1,0,1,1,0,1,0,0,0,0,0,0]
[20:00:18.513] T0 | Marcado: [0,1,0,1,0,1,0,0,0,0,0,0]
[20:00:18.514] T1 | Marcado: [0,0,1,2,0,1,0,0,0,0,0,0]
[20:00:18.551] T4 | Marcado: [0,0,1,2,0,0,1,0,0,0,0,1]
[20:00:18.600] T5 | Marcado: [0,0,1,1,0,0,0,1,0,0,0,1]
[20:00:18.602] T6 | Marcado: [0,0,1,1,0,0,1,0,0,0,0,2]
[20:00:18.616] T7 | Marcado: [0,0,1,0,0,0,0,0,1,0,0,2]
[20:00:18.618] T8 | Marcado: [0,0,1,0,0,0,0,0,0,1,0,2]
[20:00:18.653] T11 | Marcado: [1,0,1,0,0,0,0,0,0,1,0,1]
[20:00:18.653] T0 | Marcado: [0,1,0,0,0,0,0,0,0,1,0,1]
[20:00:18.654] T1 | Marcado: [0,0,1,1,0,0,0,0,0,1,0,1]
[20:00:18.683] T11 | Marcado: [1,0,1,1,0,0,0,0,0,1,0,0]
[20:00:18.684] T0 | Marcado: [0,1,0,1,0,0,0,0,0,1,0,0]
[20:00:18.685] T1 | Marcado: [0,0,1,2,0,0,0,0,0,1,0,0]
[20:00:18.704] T9 | Marcado: [0,0,1,2,0,0,0,0,0,0,1,0]
[20:00:18.786] T10 | Marcado: [0,0,1,2,0,0,1,0,0,0,0,1]
[20:00:18.787] T5 | Marcado: [0,0,1,1,0,0,0,1,0,0,0,1]
[20:00:18.788] T6 | Marcado: [0,0,1,1,0,0,1,0,0,0,0,2]
[20:00:18.794] T2 | Marcado: [0,0,1,0,1,0,0,0,0,0,0,2]
[20:00:18.795] T3 | Marcado: [0,0,1,0,0,1,0,0,0,0,0,2]
[20:00:18.869] T11 | Marcado: [1,0,1,0,0,1,0,0,0,0,0,1]
[20:00:18.872] T0 | Marcado: [0,1,0,0,0,1,0,0,0,0,0,1]
[20:00:18.873] T1 | Marcado: [0,0,1,1,0,1,0,0,0,0,0,1]
[20:00:18.876] T4 | Marcado: [0,0,1,1,0,0,1,0,0,0,0,2]
[20:00:18.891] T11 | Marcado: [1,0,1,1,0,0,1,0,0,0,0,1]
[20:00:18.892] T0 | Marcado: [0,1,0,1,0,0,1,0,0,0,0,1]
[20:00:18.892] T1 | Marcado: [0,0,1,2,0,0,1,0,0,0,0,1]
[20:00:18.975] T5 | Marcado: [0,0,1,1,0,0,0,1,0,0,0,1]
[20:00:18.975] T6 | Marcado: [0,0,1,1,0,0,1,0,0,0,0,2]
[20:00:18.978] T11 | Marcado: [1,0,1,1,0,0,1,0,0,0,0,1]
[20:00:18.979] T0 | Marcado: [0,1,0,1,0,0,1,0,0,0,0,1]
[20:00:18.979] T1 | Marcado: [0,0,1,2,0,0,1,0,0,0,0,1]
[20:00:18.993] T7 | Marcado: [0,0,1,1,0,0,0,0,1,0,0,1]
[20:00:18.994] T8 | Marcado: [0,0,1,1,0,0,0,0,0,1,0,1]
[20:00:19.057] T11 | Marcado: [1,0,1,1,0,0,0,0,0,1,0,0]
[20:00:19.059] T0 | Marcado: [0,1,0,1,0,0,0,0,0,1,0,0]
[20:00:19.060] T1 | Marcado: [0,0,1,2,0,0,0,0,0,1,0,0]
[20:00:19.079] T9 | Marcado: [0,0,1,2,0,0,0,0,0,0,1,0]
[20:00:19.162] T10 | Marcado: [0,0,1,2,0,0,1,0,0,0,0,1]
[20:00:19.163] T2 | Marcado: [0,0,1,1,1,0,0,0,0,0,0,1]
[20:00:19.164] T3 | Marcado: [0,0,1,1,0,1,0,0,0,0,0,1]
[20:00:19.247] T4 | Marcado: [0,0,1,1,0,0,1,0,0,0,0,2]
[20:00:19.251] T5 | Marcado: [0,0,1,0,0,0,0,1,0,0,0,2]
[20:00:19.251] T6 | Marcado: [0,0,1,0,0,0,1,0,0,0,0,3]
[20:00:19.265] T11 | Marcado: [1,0,1,0,0,0,1,0,0,0,0,2]
[20:00:19.266] T0 | Marcado: [0,1,0,0,0,0,1,0,0,0,0,2]
[20:00:19.267] T1 | Marcado: [0,0,1,1,0,0,1,0,0,0,0,2]
[20:00:19.332] T11 | Marcado: [1,0,1,1,0,0,1,0,0,0,0,1]
[20:00:19.334] T0 | Marcado: [0,1,0,1,0,0,1,0,0,0,0,1]
[20:00:19.334] T1 | Marcado: [0,0,1,2,0,0,1,0,0,0,0,1]
[20:00:19.377] T11 | Marcado: [1,0,1,2,0,0,1,0,0,0,0,0]
[20:00:19.384] T7 | Marcado: [1,0,1,1,0,0,0,0,1,0,0,0]
[20:00:19.385] T8 | Marcado: [1,0,1,1,0,0,0,0,0,1,0,0]
[20:00:19.385] T0 | Marcado: [0,1,0,1,0,0,0,0,0,1,0,0]
[20:00:19.388] T1 | Marcado: [0,0,1,2,0,0,0,0,0,1,0,0]
[20:00:19.468] T9 | Marcado: [0,0,1,2,0,0,0,0,0,0,1,0]
[20:00:19.549] T10 | Marcado: [0,0,1,2,0,0,1,0,0,0,0,1]
[20:00:19.551] T2 | Marcado: [0,0,1,1,1,0,0,0,0,0,0,1]
[20:00:19.551] T3 | Marcado: [0,0,1,1,0,1,0,0,0,0,0,1]
[20:00:19.635] T4 | Marcado: [0,0,1,1,0,0,1,0,0,0,0,2]
[20:00:19.639] T5 | Marcado: [0,0,1,0,0,0,0,1,0,0,0,2]
[20:00:19.646] T6 | Marcado: [0,0,1,0,0,0,1,0,0,0,0,3]
[20:00:19.655] T11 | Marcado: [1,0,1,0,0,0,1,0,0,0,0,2]
[20:00:19.656] T0 | Marcado: [0,1,0,0,0,0,1,0,0,0,0,2]
[20:00:19.657] T1 | Marcado: [0,0,1,1,0,0,1,0,0,0,0,2]
[20:00:19.730] T11 | Marcado: [1,0,1,1,0,0,1,0,0,0,0,1]
[20:00:19.732] T0 | Marcado: [0,1,0,1,0,0,1,0,0,0,0,1]
[20:00:19.732] T1 | Marcado: [0,0,1,2,0,0,1,0,0,0,0,1]
[20:00:19.738] T11 | Marcado: [1,0,1,2,0,0,1,0,0,0,0,0]
[20:00:19.741] T0 | Marcado: [0,1,0,2,0,0,1,0,0,0,0,0]
[20:00:19.753] T1 | Marcado: [0,0,1,3,0,0,1,0,0,0,0,0]
[20:00:19.765] T7 | Marcado: [0,0,1,2,0,0,0,0,1,0,0,0]
[20:00:19.766] T8 | Marcado: [0,0,1,2,0,0,0,0,0,1,0,0]
[20:00:19.847] T9 | Marcado: [0,0,1,2,0,0,0,0,0,0,1,0]
[20:00:19.927] T10 | Marcado: [0,0,1,2,0,0,1,0,0,0,0,1]
[20:00:19.930] T5 | Marcado: [0,0,1,1,0,0,0,1,0,0,0,1]
[20:00:19.935] T6 | Marcado: [0,0,1,1,0,0,1,0,0,0,0,2]
[20:00:19.938] T2 | Marcado: [0,0,1,0,1,0,0,0,0,0,0,2]
[20:00:19.938] T3 | Marcado: [0,0,1,0,0,1,0,0,0,0,0,2]
[20:00:20.016] T11 | Marcado: [1,0,1,0,0,1,0,0,0,0,0,1]
[20:00:20.018] T0 | Marcado: [0,1,0,0,0,1,0,0,0,0,0,1]
[20:00:20.019] T1 | Marcado: [0,0,1,1,0,1,0,0,0,0,0,1]
[20:00:20.020] T4 | Marcado: [0,0,1,1,0,0,1,0,0,0,0,2]
[20:00:20.030] T11 | Marcado: [1,0,1,1,0,0,1,0,0,0,0,1]
[20:00:20.040] T0 | Marcado: [0,1,0,1,0,0,1,0,0,0,0,1]
[20:00:20.042] T1 | Marcado: [0,0,1,2,0,0,1,0,0,0,0,1]
[20:00:20.122] T11 | Marcado: [1,0,1,2,0,0,1,0,0,0,0,0]
[20:00:20.124] T5 | Marcado: [1,0,1,1,0,0,0,1,0,0,0,0]
[20:00:20.126] T6 | Marcado: [1,0,1,1,0,0,1,0,0,0,0,1]
[20:00:20.127] T0 | Marcado: [0,1,0,1,0,0,1,0,0,0,0,1]
[20:00:20.127] T1 | Marcado: [0,0,1,2,0,0,1,0,0,0,0,1]
[20:00:20.143] T7 | Marcado: [0,0,1,1,0,0,0,0,1,0,0,1]
[20:00:20.143] T8 | Marcado: [0,0,1,1,0,0,0,0,0,1,0,1]
[20:00:20.216] T11 | Marcado: [1,0,1,1,0,0,0,0,0,1,0,0]
[20:00:20.217] T0 | Marcado: [0,1,0,1,0,0,0,0,0,1,0,0]
[20:00:20.218] T1 | Marcado: [0,0,1,2,0,0,0,0,0,1,0,0]
[20:00:20.225] T9 | Marcado: [0,0,1,2,0,0,0,0,0,0,1,0]
[20:00:20.309] T10 | Marcado: [0,0,1,2,0,0,1,0,0,0,0,1]
[20:00:20.309] T2 | Marcado: [0,0,1,1,1,0,0,0,0,0,0,1]
[20:00:20.310] T3 | Marcado: [0,0,1,1,0,1,0,0,0,0,0,1]
[20:00:20.392] T4 | Marcado: [0,0,1,1,0,0,1,0,0,0,0,2]
[20:00:20.394] T5 | Marcado: [0,0,1,0,0,0,0,1,0,0,0,2]
[20:00:20.394] T6 | Marcado: [0,0,1,0,0,0,1,0,0,0,0,3]
[20:00:20.447] T11 | Marcado: [1,0,1,0,0,0,1,0,0,0,0,2]
[20:00:20.450] T0 | Marcado: [0,1,0,0,0,0,1,0,0,0,0,2]
[20:00:20.451] T1 | Marcado: [0,0,1,1,0,0,1,0,0,0,0,2]
[20:00:20.476] T11 | Marcado: [1,0,1,1,0,0,1,0,0,0,0,1]
[20:00:20.477] T0 | Marcado: [0,1,0,1,0,0,1,0,0,0,0,1]
[20:00:20.478] T1 | Marcado: [0,0,1,2,0,0,1,0,0,0,0,1]
[20:00:20.496] T11 | Marcado: [1,0,1,2,0,0,1,0,0,0,0,0]
[20:00:20.504] T0 | Marcado: [0,1,0,2,0,0,1,0,0,0,0,0]
[20:00:20.509] T1 | Marcado: [0,0,1,3,0,0,1,0,0,0,0,0]
[20:00:20.552] T7 | Marcado: [0,0,1,2,0,0,0,0,1,0,0,0]
[20:00:20.556] T8 | Marcado: [0,0,1,2,0,0,0,0,0,1,0,0]
[20:00:20.643] T9 | Marcado: [0,0,1,2,0,0,0,0,0,0,1,0]
[20:00:20.723] T10 | Marcado: [0,0,1,2,0,0,1,0,0,0,0,1]
[20:00:20.724] T5 | Marcado: [0,0,1,1,0,0,0,1,0,0,0,1]
[20:00:20.724] T6 | Marcado: [0,0,1,1,0,0,1,0,0,0,0,2]
[20:00:20.730] T2 | Marcado: [0,0,1,0,1,0,0,0,0,0,0,2]
[20:00:20.743] T3 | Marcado: [0,0,1,0,0,1,0,0,0,0,0,2]
[20:00:20.807] T11 | Marcado: [1,0,1,0,0,1,0,0,0,0,0,1]
[20:00:20.808] T0 | Marcado: [0,1,0,0,0,1,0,0,0,0,0,1]
[20:00:20.808] T1 | Marcado: [0,0,1,1,0,1,0,0,0,0,0,1]
[20:00:20.827] T11 | Marcado: [1,0,1,1,0,1,0,0,0,0,0,0]
[20:00:20.827] T4 | Marcado: [1,0,1,1,0,0,1,0,0,0,0,1]
[20:00:20.827] T0 | Marcado: [0,1,0,1,0,0,1,0,0,0,0,1]
[20:00:20.828] T1 | Marcado: [0,0,1,2,0,0,1,0,0,0,0,1]
[20:00:20.909] T5 | Marcado: [0,0,1,1,0,0,0,1,0,0,0,1]
[20:00:20.910] T6 | Marcado: [0,0,1,1,0,0,1,0,0,0,0,2]
[20:00:20.928] T11 | Marcado: [1,0,1,1,0,0,1,0,0,0,0,1]
[20:00:20.928] T0 | Marcado: [0,1,0,1,0,0,1,0,0,0,0,1]
[20:00:20.929] T1 | Marcado: [0,0,1,2,0,0,1,0,0,0,0,1]
[20:00:20.930] T7 | Marcado: [0,0,1,1,0,0,0,0,1,0,0,1]
[20:00:20.930] T8 | Marcado: [0,0,1,1,0,0,0,0,0,1,0,1]
[20:00:20.991] T11 | Marcado: [1,0,1,1,0,0,0,0,0,1,0,0]
[20:00:20.992] T0 | Marcado: [0,1,0,1,0,0,0,0,0,1,0,0]
[20:00:20.993] T1 | Marcado: [0,0,1,2,0,0,0,0,0,1,0,0]
[20:00:21.014] T9 | Marcado: [0,0,1,2,0,0,0,0,0,0,1,0]
[20:00:21.095] T10 | Marcado: [0,0,1,2,0,0,1,0,0,0,0,1]
[20:00:21.096] T5 | Marcado: [0,0,1,1,0,0,0,1,0,0,0,1]
[20:00:21.097] T6 | Marcado: [0,0,1,1,0,0,1,0,0,0,0,2]
[20:00:21.098] T2 | Marcado: [0,0,1,0,1,0,0,0,0,0,0,2]
[20:00:21.098] T3 | Marcado: [0,0,1,0,0,1,0,0,0,0,0,2]
[20:00:21.179] T11 | Marcado: [1,0,1,0,0,1,0,0,0,0,0,1]
[20:00:21.180] T4 | Marcado: [1,0,1,0,0,0,1,0,0,0,0,2]
[20:00:21.180] T0 | Marcado: [0,1,0,0,0,0,1,0,0,0,0,2]
[20:00:21.181] T1 | Marcado: [0,0,1,1,0,0,1,0,0,0,0,2]
[20:00:21.197] T11 | Marcado: [1,0,1,1,0,0,1,0,0,0,0,1]
[20:00:21.200] T0 | Marcado: [0,1,0,1,0,0,1,0,0,0,0,1]
[20:00:21.201] T1 | Marcado: [0,0,1,2,0,0,1,0,0,0,0,1]
[20:00:21.281] T11 | Marcado: [1,0,1,2,0,0,1,0,0,0,0,0]
[20:00:21.282] T0 | Marcado: [0,1,0,2,0,0,1,0,0,0,0,0]
[20:00:21.282] T1 | Marcado: [0,0,1,3,0,0,1,0,0,0,0,0]
[20:00:21.283] T5 | Marcado: [0,0,1,2,0,0,0,1,0,0,0,0]
[20:00:21.284] T6 | Marcado: [0,0,1,2,0,0,1,0,0,0,0,1]
[20:00:21.302] T7 | Marcado: [0,0,1,1,0,0,0,0,1,0,0,1]
[20:00:21.303] T8 | Marcado: [0,0,1,1,0,0,0,0,0,1,0,1]
[20:00:21.365] T11 | Marcado: [1,0,1,1,0,0,0,0,0,1,0,0]
[20:00:21.366] T0 | Marcado: [0,1,0,1,0,0,0,0,0,1,0,0]
[20:00:21.367] T1 | Marcado: [0,0,1,2,0,0,0,0,0,1,0,0]
[20:00:21.384] T9 | Marcado: [0,0,1,2,0,0,0,0,0,0,1,0]
[20:00:21.466] T10 | Marcado: [0,0,1,2,0,0,1,0,0,0,0,1]
[20:00:21.468] T2 | Marcado: [0,0,1,1,1,0,0,0,0,0,0,1]
[20:00:21.469] T3 | Marcado: [0,0,1,1,0,1,0,0,0,0,0,1]
[20:00:21.550] T4 | Marcado: [0,0,1,1,0,0,1,0,0,0,0,2]
[20:00:21.552] T5 | Marcado: [0,0,1,0,0,0,0,1,0,0,0,2]
[20:00:21.553] T6 | Marcado: [0,0,1,0,0,0,1,0,0,0,0,3]
[20:00:21.621] T11 | Marcado: [1,0,1,0,0,0,1,0,0,0,0,2]
[20:00:21.622] T0 | Marcado: [0,1,0,0,0,0,1,0,0,0,0,2]
[20:00:21.623] T1 | Marcado: [0,0,1,1,0,0,1,0,0,0,0,2]
[20:00:21.635] T11 | Marcado: [1,0,1,1,0,0,1,0,0,0,0,1]
[20:00:21.636] T0 | Marcado: [0,1,0,1,0,0,1,0,0,0,0,1]
[20:00:21.640] T1 | Marcado: [0,0,1,2,0,0,1,0,0,0,0,1]
[20:00:21.652] T11 | Marcado: [1,0,1,2,0,0,1,0,0,0,0,0]
[20:00:21.656] T0 | Marcado: [0,1,0,2,0,0,1,0,0,0,0,0]
[20:00:21.661] T1 | Marcado: [0,0,1,3,0,0,1,0,0,0,0,0]
[20:00:21.724] T7 | Marcado: [0,0,1,2,0,0,0,0,1,0,0,0]
[20:00:21.725] T8 | Marcado: [0,0,1,2,0,0,0,0,0,1,0,0]
[20:00:21.807] T9 | Marcado: [0,0,1,2,0,0,0,0,0,0,1,0]
[20:00:21.892] T10 | Marcado: [0,0,1,2,0,0,1,0,0,0,0,1]
[20:00:21.897] T2 | Marcado: [0,0,1,1,1,0,0,0,0,0,0,1]
[20:00:21.897] T3 | Marcado: [0,0,1,1,0,1,0,0,0,0,0,1]
[20:00:21.979] T4 | Marcado: [0,0,1,1,0,0,1,0,0,0,0,2]
[20:00:21.983] T5 | Marcado: [0,0,1,0,0,0,0,1,0,0,0,2]
[20:00:21.983] T6 | Marcado: [0,0,1,0,0,0,1,0,0,0,0,3]
[20:00:21.997] T11 | Marcado: [1,0,1,0,0,0,1,0,0,0,0,2]
[20:00:22.000] T0 | Marcado: [0,1,0,0,0,0,1,0,0,0,0,2]
[20:00:22.009] T1 | Marcado: [0,0,1,1,0,0,1,0,0,0,0,2]
[20:00:22.088] T11 | Marcado: [1,0,1,1,0,0,1,0,0,0,0,1]
[20:00:22.088] T11 | Marcado: [2,0,1,1,0,0,1,0,0,0,0,0]
[20:00:22.088] T0 | Marcado: [1,1,0,1,0,0,1,0,0,0,0,0]
[20:00:22.089] T1 | Marcado: [1,0,1,2,0,0,1,0,0,0,0,0]
[20:00:22.095] T0 | Marcado: [0,1,0,2,0,0,1,0,0,0,0,0]
[20:00:22.095] T1 | Marcado: [0,0,1,3,0,0,1,0,0,0,0,0]
[20:00:22.111] T7 | Marcado: [0,0,1,2,0,0,0,0,1,0,0,0]
[20:00:22.112] T8 | Marcado: [0,0,1,2,0,0,0,0,0,1,0,0]
[20:00:22.201] T9 | Marcado: [0,0,1,2,0,0,0,0,0,0,1,0]
[20:00:22.285] T10 | Marcado: [0,0,1,2,0,0,1,0,0,0,0,1]
[20:00:22.287] T2 | Marcado: [0,0,1,1,1,0,0,0,0,0,0,1]
[20:00:22.287] T3 | Marcado: [0,0,1,1,0,1,0,0,0,0,0,1]
[20:00:22.368] T4 | Marcado: [0,0,1,1,0,0,1,0,0,0,0,2]
[20:00:22.372] T5 | Marcado: [0,0,1,0,0,0,0,1,0,0,0,2]
[20:00:22.384] T6 | Marcado: [0,0,1,0,0,0,1,0,0,0,0,3]
[20:00:22.387] T11 | Marcado: [1,0,1,0,0,0,1,0,0,0,0,2]
[20:00:22.391] T0 | Marcado: [0,1,0,0,0,0,1,0,0,0,0,2]
[20:00:22.392] T1 | Marcado: [0,0,1,1,0,0,1,0,0,0,0,2]
[20:00:22.465] T11 | Marcado: [1,0,1,1,0,0,1,0,0,0,0,1]
[20:00:22.469] T0 | Marcado: [0,1,0,1,0,0,1,0,0,0,0,1]
[20:00:22.469] T11 | Marcado: [1,1,0,1,0,0,1,0,0,0,0,0]
[20:00:22.470] T1 | Marcado: [1,0,1,2,0,0,1,0,0,0,0,0]
[20:00:22.477] T0 | Marcado: [0,1,0,2,0,0,1,0,0,0,0,0]
[20:00:22.477] T1 | Marcado: [0,0,1,3,0,0,1,0,0,0,0,0]
[20:00:22.493] T7 | Marcado: [0,0,1,2,0,0,0,0,1,0,0,0]
[20:00:22.503] T8 | Marcado: [0,0,1,2,0,0,0,0,0,1,0,0]
[20:00:22.585] T9 | Marcado: [0,0,1,2,0,0,0,0,0,0,1,0]
[20:00:22.665] T10 | Marcado: [0,0,1,2,0,0,1,0,0,0,0,1]
[20:00:22.670] T5 | Marcado: [0,0,1,1,0,0,0,1,0,0,0,1]
[20:00:22.670] T6 | Marcado: [0,0,1,1,0,0,1,0,0,0,0,2]
[20:00:22.670] T2 | Marcado: [0,0,1,0,1,0,0,0,0,0,0,2]
[20:00:22.670] T3 | Marcado: [0,0,1,0,0,1,0,0,0,0,0,2]
[20:00:22.751] T11 | Marcado: [1,0,1,0,0,1,0,0,0,0,0,1]
[20:00:22.752] T4 | Marcado: [1,0,1,0,0,0,1,0,0,0,0,2]
[20:00:22.752] T0 | Marcado: [0,1,0,0,0,0,1,0,0,0,0,2]
[20:00:22.753] T1 | Marcado: [0,0,1,1,0,0,1,0,0,0,0,2]
[20:00:22.768] T11 | Marcado: [1,0,1,1,0,0,1,0,0,0,0,1]
[20:00:22.772] T0 | Marcado: [0,1,0,1,0,0,1,0,0,0,0,1]
[20:00:22.774] T1 | Marcado: [0,0,1,2,0,0,1,0,0,0,0,1]
[20:00:22.853] T5 | Marcado: [0,0,1,1,0,0,0,1,0,0,0,1]
[20:00:22.854] T11 | Marcado: [1,0,1,1,0,0,0,1,0,0,0,0]
[20:00:22.856] T0 | Marcado: [0,1,0,1,0,0,0,1,0,0,0,0]
[20:00:22.856] T6 | Marcado: [0,1,0,1,0,0,1,0,0,0,0,1]
[20:00:22.858] T1 | Marcado: [0,0,1,2,0,0,1,0,0,0,0,1]
[20:00:22.875] T7 | Marcado: [0,0,1,1,0,0,0,0,1,0,0,1]
[20:00:22.876] T8 | Marcado: [0,0,1,1,0,0,0,0,0,1,0,1]
[20:00:22.937] T11 | Marcado: [1,0,1,1,0,0,0,0,0,1,0,0]
[20:00:22.938] T0 | Marcado: [0,1,0,1,0,0,0,0,0,1,0,0]
[20:00:22.938] T1 | Marcado: [0,0,1,2,0,0,0,0,0,1,0,0]
[20:00:22.963] T9 | Marcado: [0,0,1,2,0,0,0,0,0,0,1,0]
[20:00:23.045] T10 | Marcado: [0,0,1,2,0,0,1,0,0,0,0,1]
[20:00:23.045] T2 | Marcado: [0,0,1,1,1,0,0,0,0,0,0,1]
[20:00:23.051] T3 | Marcado: [0,0,1,1,0,1,0,0,0,0,0,1]
[20:00:23.133] T4 | Marcado: [0,0,1,1,0,0,1,0,0,0,0,2]
[20:00:23.137] T5 | Marcado: [0,0,1,0,0,0,0,1,0,0,0,2]
[20:00:23.137] T6 | Marcado: [0,0,1,0,0,0,1,0,0,0,0,3]
[20:00:23.148] T11 | Marcado: [1,0,1,0,0,0,1,0,0,0,0,2]
[20:00:23.149] T0 | Marcado: [0,1,0,0,0,0,1,0,0,0,0,2]
[20:00:23.150] T1 | Marcado: [0,0,1,1,0,0,1,0,0,0,0,2]
[20:00:23.219] T11 | Marcado: [1,0,1,1,0,0,1,0,0,0,0,1]
[20:00:23.220] T0 | Marcado: [0,1,0,1,0,0,1,0,0,0,0,1]
[20:00:23.221] T1 | Marcado: [0,0,1,2,0,0,1,0,0,0,0,1]
[20:00:23.243] T11 | Marcado: [1,0,1,2,0,0,1,0,0,0,0,0]
[20:00:23.259] T7 | Marcado: [1,0,1,1,0,0,0,0,1,0,0,0]
[20:00:23.259] T0 | Marcado: [0,1,0,1,0,0,0,0,1,0,0,0]
[20:00:23.260] T8 | Marcado: [0,1,0,1,0,0,0,0,0,1,0,0]
[20:00:23.260] T1 | Marcado: [0,0,1,2,0,0,0,0,0,1,0,0]
[20:00:23.341] T9 | Marcado: [0,0,1,2,0,0,0,0,0,0,1,0]
[20:00:23.423] T10 | Marcado: [0,0,1,2,0,0,1,0,0,0,0,1]
[20:00:23.426] T5 | Marcado: [0,0,1,1,0,0,0,1,0,0,0,1]
[20:00:23.427] T6 | Marcado: [0,0,1,1,0,0,1,0,0,0,0,2]
[20:00:23.428] T2 | Marcado: [0,0,1,0,1,0,0,0,0,0,0,2]
[20:00:23.428] T3 | Marcado: [0,0,1,0,0,1,0,0,0,0,0,2]
[20:00:23.508] T11 | Marcado: [1,0,1,0,0,1,0,0,0,0,0,1]
[20:00:23.509] T0 | Marcado: [0,1,0,0,0,1,0,0,0,0,0,1]
[20:00:23.510] T1 | Marcado: [0,0,1,1,0,1,0,0,0,0,0,1]
[20:00:23.510] T4 | Marcado: [0,0,1,1,0,0,1,0,0,0,0,2]
[20:00:23.525] T11 | Marcado: [1,0,1,1,0,0,1,0,0,0,0,1]
[20:00:23.580] T0 | Marcado: [0,1,0,1,0,0,1,0,0,0,0,1]
[20:00:23.582] T1 | Marcado: [0,0,1,2,0,0,1,0,0,0,0,1]
[20:00:23.611] T11 | Marcado: [1,0,1,2,0,0,1,0,0,0,0,0]
[20:00:23.612] T5 | Marcado: [1,0,1,1,0,0,0,1,0,0,0,0]
[20:00:23.612] T0 | Marcado: [0,1,0,1,0,0,0,1,0,0,0,0]
[20:00:23.612] T1 | Marcado: [0,0,1,2,0,0,0,1,0,0,0,0]
[20:00:23.613] T6 | Marcado: [0,0,1,2,0,0,1,0,0,0,0,1]
[20:00:23.682] T7 | Marcado: [0,0,1,1,0,0,0,0,1,0,0,1]
[20:00:23.683] T8 | Marcado: [0,0,1,1,0,0,0,0,0,1,0,1]
[20:00:23.695] T11 | Marcado: [1,0,1,1,0,0,0,0,0,1,0,0]
[20:00:23.696] T0 | Marcado: [0,1,0,1,0,0,0,0,0,1,0,0]
[20:00:23.697] T1 | Marcado: [0,0,1,2,0,0,0,0,0,1,0,0]
[20:00:23.764] T9 | Marcado: [0,0,1,2,0,0,0,0,0,0,1,0]
[20:00:23.845] T10 | Marcado: [0,0,1,2,0,0,1,0,0,0,0,1]
[20:00:23.846] T2 | Marcado: [0,0,1,1,1,0,0,0,0,0,0,1]
[20:00:23.846] T3 | Marcado: [0,0,1,1,0,1,0,0,0,0,0,1]
[20:00:23.927] T4 | Marcado: [0,0,1,1,0,0,1,0,0,0,0,2]
[20:00:23.932] T5 | Marcado: [0,0,1,0,0,0,0,1,0,0,0,2]
[20:00:23.932] T6 | Marcado: [0,0,1,0,0,0,1,0,0,0,0,3]
[20:00:23.948] T11 | Marcado: [1,0,1,0,0,0,1,0,0,0,0,2]
[20:00:23.949] T0 | Marcado: [0,1,0,0,0,0,1,0,0,0,0,2]
[20:00:23.949] T1 | Marcado: [0,0,1,1,0,0,1,0,0,0,0,2]
[20:00:24.013] T11 | Marcado: [1,0,1,1,0,0,1,0,0,0,0,1]
[20:00:24.014] T0 | Marcado: [0,1,0,1,0,0,1,0,0,0,0,1]
[20:00:24.015] T1 | Marcado: [0,0,1,2,0,0,1,0,0,0,0,1]
[20:00:24.029] T11 | Marcado: [1,0,1,2,0,0,1,0,0,0,0,0]
[20:00:24.029] T0 | Marcado: [0,1,0,2,0,0,1,0,0,0,0,0]
[20:00:24.029] T1 | Marcado: [0,0,1,3,0,0,1,0,0,0,0,0]
[20:00:24.051] T7 | Marcado: [0,0,1,2,0,0,0,0,1,0,0,0]
[20:00:24.051] T8 | Marcado: [0,0,1,2,0,0,0,0,0,1,0,0]
[20:00:24.133] T9 | Marcado: [0,0,1,2,0,0,0,0,0,0,1,0]
[20:00:24.215] T10 | Marcado: [0,0,1,2,0,0,1,0,0,0,0,1]
[20:00:24.217] T5 | Marcado: [0,0,1,1,0,0,0,1,0,0,0,1]
[20:00:24.217] T6 | Marcado: [0,0,1,1,0,0,1,0,0,0,0,2]
[20:00:24.218] T2 | Marcado: [0,0,1,0,1,0,0,0,0,0,0,2]
[20:00:24.218] T3 | Marcado: [0,0,1,0,0,1,0,0,0,0,0,2]
[20:00:24.299] T11 | Marcado: [1,0,1,0,0,1,0,0,0,0,0,1]
[20:00:24.299] T4 | Marcado: [1,0,1,0,0,0,1,0,0,0,0,2]
[20:00:24.300] T0 | Marcado: [0,1,0,0,0,0,1,0,0,0,0,2]
[20:00:24.300] T1 | Marcado: [0,0,1,1,0,0,1,0,0,0,0,2]
[20:00:24.320] T11 | Marcado: [1,0,1,1,0,0,1,0,0,0,0,1]
[20:00:24.324] T0 | Marcado: [0,1,0,1,0,0,1,0,0,0,0,1]
[20:00:24.324] T1 | Marcado: [0,0,1,2,0,0,1,0,0,0,0,1]
[20:00:24.400] T11 | Marcado: [1,0,1,2,0,0,1,0,0,0,0,0]
[20:00:24.401] T0 | Marcado: [0,1,0,2,0,0,1,0,0,0,0,0]
[20:00:24.401] T1 | Marcado: [0,0,1,3,0,0,1,0,0,0,0,0]
[20:00:24.402] T5 | Marcado: [0,0,1,2,0,0,0,1,0,0,0,0]
[20:00:24.402] T6 | Marcado: [0,0,1,2,0,0,1,0,0,0,0,1]
[20:00:24.436] T7 | Marcado: [0,0,1,1,0,0,0,0,1,0,0,1]
[20:00:24.436] T8 | Marcado: [0,0,1,1,0,0,0,0,0,1,0,1]
[20:00:24.484] T11 | Marcado: [1,0,1,1,0,0,0,0,0,1,0,0]
[20:00:24.485] T0 | Marcado: [0,1,0,1,0,0,0,0,0,1,0,0]
[20:00:24.486] T1 | Marcado: [0,0,1,2,0,0,0,0,0,1,0,0]
[20:00:24.519] T9 | Marcado: [0,0,1,2,0,0,0,0,0,0,1,0]
[20:00:24.600] T10 | Marcado: [0,0,1,2,0,0,1,0,0,0,0,1]
[20:00:24.604] T5 | Marcado: [0,0,1,1,0,0,0,1,0,0,0,1]
[20:00:24.607] T6 | Marcado: [0,0,1,1,0,0,1,0,0,0,0,2]
[20:00:24.613] T2 | Marcado: [0,0,1,0,1,0,0,0,0,0,0,2]
[20:00:24.613] T3 | Marcado: [0,0,1,0,0,1,0,0,0,0,0,2]
[20:00:24.687] T11 | Marcado: [1,0,1,0,0,1,0,0,0,0,0,1]
[20:00:24.688] T0 | Marcado: [0,1,0,0,0,1,0,0,0,0,0,1]
[20:00:24.688] T1 | Marcado: [0,0,1,1,0,1,0,0,0,0,0,1]
[20:00:24.694] T4 | Marcado: [0,0,1,1,0,0,1,0,0,0,0,2]
[20:00:24.703] T11 | Marcado: [1,0,1,1,0,0,1,0,0,0,0,1]
[20:00:24.704] T0 | Marcado: [0,1,0,1,0,0,1,0,0,0,0,1]
[20:00:24.705] T1 | Marcado: [0,0,1,2,0,0,1,0,0,0,0,1]
[20:00:24.789] T5 | Marcado: [0,0,1,1,0,0,0,1,0,0,0,1]
[20:00:24.790] T6 | Marcado: [0,0,1,1,0,0,1,0,0,0,0,2]
[20:00:24.803] T11 | Marcado: [1,0,1,1,0,0,1,0,0,0,0,1]
[20:00:24.805] T0 | Marcado: [0,1,0,1,0,0,1,0,0,0,0,1]
[20:00:24.807] T7 | Marcado: [0,1,0,0,0,0,0,0,1,0,0,1]
[20:00:24.815] T8 | Marcado: [0,1,0,0,0,0,0,0,0,1,0,1]
[20:00:24.815] T1 | Marcado: [0,0,1,1,0,0,0,0,0,1,0,1]
[20:00:24.873] T11 | Marcado: [1,0,1,1,0,0,0,0,0,1,0,0]
[20:00:24.877] T0 | Marcado: [0,1,0,1,0,0,0,0,0,1,0,0]
[20:00:24.878] T1 | Marcado: [0,0,1,2,0,0,0,0,0,1,0,0]
[20:00:24.896] T9 | Marcado: [0,0,1,2,0,0,0,0,0,0,1,0]
[20:00:24.978] T10 | Marcado: [0,0,1,2,0,0,1,0,0,0,0,1]
[20:00:24.982] T2 | Marcado: [0,0,1,1,1,0,0,0,0,0,0,1]
[20:00:24.982] T3 | Marcado: [0,0,1,1,0,1,0,0,0,0,0,1]
[20:00:25.063] T4 | Marcado: [0,0,1,1,0,0,1,0,0,0,0,2]
[20:00:25.066] T5 | Marcado: [0,0,1,0,0,0,0,1,0,0,0,2]
[20:00:25.066] T6 | Marcado: [0,0,1,0,0,0,1,0,0,0,0,3]
[20:00:25.084] T11 | Marcado: [1,0,1,0,0,0,1,0,0,0,0,2]
[20:00:25.085] T0 | Marcado: [0,1,0,0,0,0,1,0,0,0,0,2]
[20:00:25.085] T1 | Marcado: [0,0,1,1,0,0,1,0,0,0,0,2]
[20:00:25.147] T11 | Marcado: [1,0,1,1,0,0,1,0,0,0,0,1]
[20:00:25.149] T0 | Marcado: [0,1,0,1,0,0,1,0,0,0,0,1]
[20:00:25.149] T1 | Marcado: [0,0,1,2,0,0,1,0,0,0,0,1]
[20:00:25.164] T11 | Marcado: [1,0,1,2,0,0,1,0,0,0,0,0]
[20:00:25.169] T0 | Marcado: [0,1,0,2,0,0,1,0,0,0,0,0]
[20:00:25.176] T1 | Marcado: [0,0,1,3,0,0,1,0,0,0,0,0]
[20:00:25.187] T7 | Marcado: [0,0,1,2,0,0,0,0,1,0,0,0]
[20:00:25.200] T8 | Marcado: [0,0,1,2,0,0,0,0,0,1,0,0]
[20:00:25.282] T9 | Marcado: [0,0,1,2,0,0,0,0,0,0,1,0]
[20:00:25.364] T10 | Marcado: [0,0,1,2,0,0,1,0,0,0,0,1]
[20:00:25.366] T5 | Marcado: [0,0,1,1,0,0,0,1,0,0,0,1]
[20:00:25.366] T6 | Marcado: [0,0,1,1,0,0,1,0,0,0,0,2]
[20:00:25.371] T2 | Marcado: [0,0,1,0,1,0,0,0,0,0,0,2]
[20:00:25.374] T3 | Marcado: [0,0,1,0,0,1,0,0,0,0,0,2]
[20:00:25.446] T11 | Marcado: [1,0,1,0,0,1,0,0,0,0,0,1]
[20:00:25.447] T0 | Marcado: [0,1,0,0,0,1,0,0,0,0,0,1]
[20:00:25.472] T1 | Marcado: [0,0,1,1,0,1,0,0,0,0,0,1]
[20:00:25.472] T4 | Marcado: [0,0,1,1,0,0,1,0,0,0,0,2]
[20:00:25.473] T11 | Marcado: [1,0,1,1,0,0,1,0,0,0,0,1]
[20:00:25.473] T0 | Marcado: [0,1,0,1,0,0,1,0,0,0,0,1]
[20:00:25.473] T1 | Marcado: [0,0,1,2,0,0,1,0,0,0,0,1]
[20:00:25.574] T5 | Marcado: [0,0,1,1,0,0,0,1,0,0,0,1]
[20:00:25.574] T11 | Marcado: [1,0,1,1,0,0,0,1,0,0,0,0]
[20:00:25.574] T6 | Marcado: [1,0,1,1,0,0,1,0,0,0,0,1]
[20:00:25.574] T0 | Marcado: [0,1,0,1,0,0,1,0,0,0,0,1]
[20:00:25.576] T1 | Marcado: [0,0,1,2,0,0,1,0,0,0,0,1]
[20:00:25.576] T7 | Marcado: [0,0,1,1,0,0,0,0,1,0,0,1]
[20:00:25.576] T8 | Marcado: [0,0,1,1,0,0,0,0,0,1,0,1]
[20:00:25.656] T11 | Marcado: [1,0,1,1,0,0,0,0,0,1,0,0]
[20:00:25.656] T9 | Marcado: [1,0,1,1,0,0,0,0,0,0,1,0]
[20:00:25.657] T0 | Marcado: [0,1,0,1,0,0,0,0,0,0,1,0]
[20:00:25.657] T1 | Marcado: [0,0,1,2,0,0,0,0,0,0,1,0]
[20:00:25.737] T10 | Marcado: [0,0,1,2,0,0,1,0,0,0,0,1]
[20:00:25.742] T2 | Marcado: [0,0,1,1,1,0,0,0,0,0,0,1]
[20:00:25.742] T3 | Marcado: [0,0,1,1,0,1,0,0,0,0,0,1]
[20:00:25.825] T4 | Marcado: [0,0,1,1,0,0,1,0,0,0,0,2]
[20:00:25.828] T5 | Marcado: [0,0,1,0,0,0,0,1,0,0,0,2]
[20:00:25.828] T6 | Marcado: [0,0,1,0,0,0,1,0,0,0,0,3]
[20:00:25.839] T11 | Marcado: [1,0,1,0,0,0,1,0,0,0,0,2]
[20:00:25.843] T0 | Marcado: [0,1,0,0,0,0,1,0,0,0,0,2]
[20:00:25.846] T1 | Marcado: [0,0,1,1,0,0,1,0,0,0,0,2]
[20:00:25.909] T11 | Marcado: [1,0,1,1,0,0,1,0,0,0,0,1]
[20:00:25.913] T0 | Marcado: [0,1,0,1,0,0,1,0,0,0,0,1]
[20:00:25.914] T1 | Marcado: [0,0,1,2,0,0,1,0,0,0,0,1]
[20:00:25.926] T11 | Marcado: [1,0,1,2,0,0,1,0,0,0,0,0]
[20:00:25.926] T0 | Marcado: [0,1,0,2,0,0,1,0,0,0,0,0]
[20:00:25.926] T1 | Marcado: [0,0,1,3,0,0,1,0,0,0,0,0]
[20:00:25.948] T7 | Marcado: [0,0,1,2,0,0,0,0,1,0,0,0]
[20:00:25.952] T8 | Marcado: [0,0,1,2,0,0,0,0,0,1,0,0]
[20:00:26.041] T9 | Marcado: [0,0,1,2,0,0,0,0,0,0,1,0]
[20:00:26.122] T10 | Marcado: [0,0,1,2,0,0,1,0,0,0,0,1]
[20:00:26.127] T2 | Marcado: [0,0,1,1,1,0,0,0,0,0,0,1]
[20:00:26.130] T3 | Marcado: [0,0,1,1,0,1,0,0,0,0,0,1]
[20:00:26.230] T11 | Marcado: [1,0,1,1,0,1,0,0,0,0,0,0]
[20:00:26.232] T4 | Marcado: [1,0,1,1,0,0,1,0,0,0,0,1]
[20:00:26.232] T0 | Marcado: [0,1,0,1,0,0,1,0,0,0,0,1]
[20:00:26.232] T1 | Marcado: [0,0,1,2,0,0,1,0,0,0,0,1]
[20:00:26.238] T5 | Marcado: [0,0,1,1,0,0,0,1,0,0,0,1]
[20:00:26.240] T6 | Marcado: [0,0,1,1,0,0,1,0,0,0,0,2]
[20:00:26.321] T11 | Marcado: [1,0,1,1,0,0,1,0,0,0,0,1]
[20:00:26.322] T0 | Marcado: [0,1,0,1,0,0,1,0,0,0,0,1]
[20:00:26.322] T1 | Marcado: [0,0,1,2,0,0,1,0,0,0,0,1]
[20:00:26.335] T11 | Marcado: [1,0,1,2,0,0,1,0,0,0,0,0]
[20:00:26.349] T7 | Marcado: [1,0,1,1,0,0,0,0,1,0,0,0]
[20:00:26.360] T0 | Marcado: [0,1,0,1,0,0,0,0,1,0,0,0]
[20:00:26.361] T1 | Marcado: [0,0,1,2,0,0,0,0,1,0,0,0]
[20:00:26.361] T8 | Marcado: [0,0,1,2,0,0,0,0,0,1,0,0]
[20:00:26.478] T9 | Marcado: [0,0,1,2,0,0,0,0,0,0,1,0]
[20:00:26.560] T10 | Marcado: [0,0,1,2,0,0,1,0,0,0,0,1]
[20:00:26.562] T5 | Marcado: [0,0,1,1,0,0,0,1,0,0,0,1]
[20:00:26.562] T6 | Marcado: [0,0,1,1,0,0,1,0,0,0,0,2]
[20:00:26.568] T2 | Marcado: [0,0,1,0,1,0,0,0,0,0,0,2]
[20:00:26.578] T3 | Marcado: [0,0,1,0,0,1,0,0,0,0,0,2]
[20:00:26.643] T11 | Marcado: [1,0,1,0,0,1,0,0,0,0,0,1]
[20:00:26.643] T0 | Marcado: [0,1,0,0,0,1,0,0,0,0,0,1]
[20:00:26.644] T1 | Marcado: [0,0,1,1,0,1,0,0,0,0,0,1]
[20:00:26.659] T4 | Marcado: [0,0,1,1,0,0,1,0,0,0,0,2]
[20:00:26.663] T11 | Marcado: [1,0,1,1,0,0,1,0,0,0,0,1]
[20:00:26.672] T0 | Marcado: [0,1,0,1,0,0,1,0,0,0,0,1]
[20:00:26.672] T1 | Marcado: [0,0,1,2,0,0,1,0,0,0,0,1]
[20:00:26.744] T5 | Marcado: [0,0,1,1,0,0,0,1,0,0,0,1]
[20:00:26.745] T6 | Marcado: [0,0,1,1,0,0,1,0,0,0,0,2]
[20:00:26.764] T11 | Marcado: [1,0,1,1,0,0,1,0,0,0,0,1]
[20:00:26.779] T0 | Marcado: [0,1,0,1,0,0,1,0,0,0,0,1]
[20:00:26.779] T7 | Marcado: [0,1,0,0,0,0,0,0,1,0,0,1]
[20:00:26.779] T8 | Marcado: [0,1,0,0,0,0,0,0,0,1,0,1]
[20:00:26.780] T1 | Marcado: [0,0,1,1,0,0,0,0,0,1,0,1]
[20:00:26.827] T11 | Marcado: [1,0,1,1,0,0,0,0,0,1,0,0]
[20:00:26.827] T0 | Marcado: [0,1,0,1,0,0,0,0,0,1,0,0]
[20:00:26.828] T1 | Marcado: [0,0,1,2,0,0,0,0,0,1,0,0]
[20:00:26.860] T9 | Marcado: [0,0,1,2,0,0,0,0,0,0,1,0]
[20:00:26.941] T10 | Marcado: [0,0,1,2,0,0,1,0,0,0,0,1]
[20:00:26.942] T5 | Marcado: [0,0,1,1,0,0,0,1,0,0,0,1]
[20:00:26.943] T6 | Marcado: [0,0,1,1,0,0,1,0,0,0,0,2]
[20:00:26.953] T2 | Marcado: [0,0,1,0,1,0,0,0,0,0,0,2]
[20:00:26.959] T3 | Marcado: [0,0,1,0,0,1,0,0,0,0,0,2]
[20:00:27.026] T11 | Marcado: [1,0,1,0,0,1,0,0,0,0,0,1]
[20:00:27.027] T0 | Marcado: [0,1,0,0,0,1,0,0,0,0,0,1]
[20:00:27.027] T1 | Marcado: [0,0,1,1,0,1,0,0,0,0,0,1]
[20:00:27.054] T4 | Marcado: [0,0,1,1,0,0,1,0,0,0,0,2]
[20:00:27.055] T11 | Marcado: [1,0,1,1,0,0,1,0,0,0,0,1]
[20:00:27.055] T0 | Marcado: [0,1,0,1,0,0,1,0,0,0,0,1]
[20:00:27.055] T1 | Marcado: [0,0,1,2,0,0,1,0,0,0,0,1]
[20:00:27.128] T5 | Marcado: [0,0,1,1,0,0,0,1,0,0,0,1]
[20:00:27.129] T6 | Marcado: [0,0,1,1,0,0,1,0,0,0,0,2]
[20:00:27.161] T11 | Marcado: [1,0,1,1,0,0,1,0,0,0,0,1]
[20:00:27.162] T7 | Marcado: [1,0,1,0,0,0,0,0,1,0,0,1]
[20:00:27.162] T8 | Marcado: [1,0,1,0,0,0,0,0,0,1,0,1]
[20:00:27.162] T0 | Marcado: [0,1,0,0,0,0,0,0,0,1,0,1]
[20:00:27.162] T1 | Marcado: [0,0,1,1,0,0,0,0,0,1,0,1]
[20:00:27.211] T11 | Marcado: [1,0,1,1,0,0,0,0,0,1,0,0]
[20:00:27.212] T0 | Marcado: [0,1,0,1,0,0,0,0,0,1,0,0]
[20:00:27.212] T1 | Marcado: [0,0,1,2,0,0,0,0,0,1,0,0]
[20:00:27.243] T9 | Marcado: [0,0,1,2,0,0,0,0,0,0,1,0]
[20:00:27.344] T10 | Marcado: [0,0,1,2,0,0,1,0,0,0,0,1]
[20:00:27.349] T5 | Marcado: [0,0,1,1,0,0,0,1,0,0,0,1]
[20:00:27.351] T6 | Marcado: [0,0,1,1,0,0,1,0,0,0,0,2]
[20:00:27.357] T2 | Marcado: [0,0,1,0,1,0,0,0,0,0,0,2]
[20:00:27.357] T3 | Marcado: [0,0,1,0,0,1,0,0,0,0,0,2]
[20:00:27.432] T11 | Marcado: [1,0,1,0,0,1,0,0,0,0,0,1]
[20:00:27.433] T0 | Marcado: [0,1,0,0,0,1,0,0,0,0,0,1]
[20:00:27.433] T1 | Marcado: [0,0,1,1,0,1,0,0,0,0,0,1]
[20:00:27.438] T4 | Marcado: [0,0,1,1,0,0,1,0,0,0,0,2]
[20:00:27.452] T11 | Marcado: [1,0,1,1,0,0,1,0,0,0,0,1]
[20:00:27.452] T0 | Marcado: [0,1,0,1,0,0,1,0,0,0,0,1]
[20:00:27.452] T1 | Marcado: [0,0,1,2,0,0,1,0,0,0,0,1]
[20:00:27.535] T5 | Marcado: [0,0,1,1,0,0,0,1,0,0,0,1]
[20:00:27.535] T6 | Marcado: [0,0,1,1,0,0,1,0,0,0,0,2]
[20:00:27.539] T11 | Marcado: [1,0,1,1,0,0,1,0,0,0,0,1]
[20:00:27.541] T0 | Marcado: [0,1,0,1,0,0,1,0,0,0,0,1]
[20:00:27.543] T1 | Marcado: [0,0,1,2,0,0,1,0,0,0,0,1]
[20:00:27.575] T7 | Marcado: [0,0,1,1,0,0,0,0,1,0,0,1]
[20:00:27.575] T8 | Marcado: [0,0,1,1,0,0,0,0,0,1,0,1]
[20:00:27.616] T11 | Marcado: [1,0,1,1,0,0,0,0,0,1,0,0]
[20:00:27.618] T0 | Marcado: [0,1,0,1,0,0,0,0,0,1,0,0]
[20:00:27.619] T1 | Marcado: [0,0,1,2,0,0,0,0,0,1,0,0]
[20:00:27.657] T9 | Marcado: [0,0,1,2,0,0,0,0,0,0,1,0]
[20:00:27.738] T10 | Marcado: [0,0,1,2,0,0,1,0,0,0,0,1]
[20:00:27.743] T5 | Marcado: [0,0,1,1,0,0,0,1,0,0,0,1]
[20:00:27.743] T6 | Marcado: [0,0,1,1,0,0,1,0,0,0,0,2]
[20:00:27.745] T2 | Marcado: [0,0,1,0,1,0,0,0,0,0,0,2]
[20:00:27.745] T3 | Marcado: [0,0,1,0,0,1,0,0,0,0,0,2]
[20:00:27.827] T11 | Marcado: [1,0,1,0,0,1,0,0,0,0,0,1]
[20:00:27.827] T4 | Marcado: [1,0,1,0,0,0,1,0,0,0,0,2]
[20:00:27.829] T0 | Marcado: [0,1,0,0,0,0,1,0,0,0,0,2]
[20:00:27.829] T1 | Marcado: [0,0,1,1,0,0,1,0,0,0,0,2]
[20:00:27.849] T11 | Marcado: [1,0,1,1,0,0,1,0,0,0,0,1]
[20:00:27.855] T0 | Marcado: [0,1,0,1,0,0,1,0,0,0,0,1]
[20:00:27.856] T1 | Marcado: [0,0,1,2,0,0,1,0,0,0,0,1]
[20:00:27.929] T11 | Marcado: [1,0,1,2,0,0,1,0,0,0,0,0]
[20:00:27.930] T5 | Marcado: [1,0,1,1,0,0,0,1,0,0,0,0]
[20:00:27.938] T0 | Marcado: [0,1,0,1,0,0,0,1,0,0,0,0]
[20:00:27.938] T1 | Marcado: [0,0,1,2,0,0,0,1,0,0,0,0]
[20:00:27.938] T6 | Marcado: [0,0,1,2,0,0,1,0,0,0,0,1]
[20:00:27.960] T7 | Marcado: [0,0,1,1,0,0,0,0,1,0,0,1]
[20:00:27.960] T8 | Marcado: [0,0,1,1,0,0,0,0,0,1,0,1]
[20:00:28.020] T11 | Marcado: [1,0,1,1,0,0,0,0,0,1,0,0]
[20:00:28.021] T0 | Marcado: [0,1,0,1,0,0,0,0,0,1,0,0]
[20:00:28.022] T1 | Marcado: [0,0,1,2,0,0,0,0,0,1,0,0]
[20:00:28.052] T9 | Marcado: [0,0,1,2,0,0,0,0,0,0,1,0]
[20:00:28.143] T10 | Marcado: [0,0,1,2,0,0,1,0,0,0,0,1]
[20:00:28.146] T5 | Marcado: [0,0,1,1,0,0,0,1,0,0,0,1]
[20:00:28.146] T6 | Marcado: [0,0,1,1,0,0,1,0,0,0,0,2]
[20:00:28.148] T2 | Marcado: [0,0,1,0,1,0,0,0,0,0,0,2]
[20:00:28.148] T3 | Marcado: [0,0,1,0,0,1,0,0,0,0,0,2]
[20:00:28.228] T11 | Marcado: [1,0,1,0,0,1,0,0,0,0,0,1]
[20:00:28.230] T0 | Marcado: [0,1,0,0,0,1,0,0,0,0,0,1]
[20:00:28.231] T4 | Marcado: [0,1,0,0,0,0,1,0,0,0,0,2]
[20:00:28.231] T1 | Marcado: [0,0,1,1,0,0,1,0,0,0,0,2]
[20:00:28.251] T11 | Marcado: [1,0,1,1,0,0,1,0,0,0,0,1]
[20:00:28.256] T0 | Marcado: [0,1,0,1,0,0,1,0,0,0,0,1]
[20:00:28.257] T1 | Marcado: [0,0,1,2,0,0,1,0,0,0,0,1]
[20:00:28.331] T11 | Marcado: [1,0,1,2,0,0,1,0,0,0,0,0]
[20:00:28.332] T5 | Marcado: [1,0,1,1,0,0,0,1,0,0,0,0]
[20:00:28.332] T0 | Marcado: [0,1,0,1,0,0,0,1,0,0,0,0]
[20:00:28.333] T6 | Marcado: [0,1,0,1,0,0,1,0,0,0,0,1]
[20:00:28.333] T1 | Marcado: [0,0,1,2,0,0,1,0,0,0,0,1]
[20:00:28.357] T7 | Marcado: [0,0,1,1,0,0,0,0,1,0,0,1]
[20:00:28.361] T8 | Marcado: [0,0,1,1,0,0,0,0,0,1,0,1]
[20:00:28.414] T11 | Marcado: [1,0,1,1,0,0,0,0,0,1,0,0]
[20:00:28.415] T0 | Marcado: [0,1,0,1,0,0,0,0,0,1,0,0]
[20:00:28.415] T1 | Marcado: [0,0,1,2,0,0,0,0,0,1,0,0]
[20:00:28.460] T9 | Marcado: [0,0,1,2,0,0,0,0,0,0,1,0]
[20:00:28.543] T10 | Marcado: [0,0,1,2,0,0,1,0,0,0,0,1]
[20:00:28.546] T2 | Marcado: [0,0,1,1,1,0,0,0,0,0,0,1]
[20:00:28.546] T3 | Marcado: [0,0,1,1,0,1,0,0,0,0,0,1]
[20:00:28.626] T4 | Marcado: [0,0,1,1,0,0,1,0,0,0,0,2]
[20:00:28.630] T5 | Marcado: [0,0,1,0,0,0,0,1,0,0,0,2]
[20:00:28.630] T6 | Marcado: [0,0,1,0,0,0,1,0,0,0,0,3]
[20:00:28.646] T11 | Marcado: [1,0,1,0,0,0,1,0,0,0,0,2]
[20:00:28.647] T0 | Marcado: [0,1,0,0,0,0,1,0,0,0,0,2]
[20:00:28.647] T1 | Marcado: [0,0,1,1,0,0,1,0,0,0,0,2]
[20:00:28.712] T11 | Marcado: [1,0,1,1,0,0,1,0,0,0,0,1]
[20:00:28.712] T0 | Marcado: [0,1,0,1,0,0,1,0,0,0,0,1]
[20:00:28.712] T1 | Marcado: [0,0,1,2,0,0,1,0,0,0,0,1]
[20:00:28.726] T11 | Marcado: [1,0,1,2,0,0,1,0,0,0,0,0]
[20:00:28.728] T0 | Marcado: [0,1,0,2,0,0,1,0,0,0,0,0]
[20:00:28.728] T1 | Marcado: [0,0,1,3,0,0,1,0,0,0,0,0]
[20:00:28.750] T7 | Marcado: [0,0,1,2,0,0,0,0,1,0,0,0]
[20:00:28.750] T8 | Marcado: [0,0,1,2,0,0,0,0,0,1,0,0]
[20:00:28.834] T9 | Marcado: [0,0,1,2,0,0,0,0,0,0,1,0]
[20:00:28.917] T10 | Marcado: [0,0,1,2,0,0,1,0,0,0,0,1]
[20:00:28.919] T2 | Marcado: [0,0,1,1,1,0,0,0,0,0,0,1]
[20:00:28.919] T3 | Marcado: [0,0,1,1,0,1,0,0,0,0,0,1]
[20:00:29.000] T4 | Marcado: [0,0,1,1,0,0,1,0,0,0,0,2]
[20:00:29.002] T5 | Marcado: [0,0,1,0,0,0,0,1,0,0,0,2]
[20:00:29.002] T6 | Marcado: [0,0,1,0,0,0,1,0,0,0,0,3]
[20:00:29.022] T11 | Marcado: [1,0,1,0,0,0,1,0,0,0,0,2]
[20:00:29.023] T0 | Marcado: [0,1,0,0,0,0,1,0,0,0,0,2]
[20:00:29.024] T1 | Marcado: [0,0,1,1,0,0,1,0,0,0,0,2]
[20:00:29.083] T11 | Marcado: [1,0,1,1,0,0,1,0,0,0,0,1]
[20:00:29.084] T0 | Marcado: [0,1,0,1,0,0,1,0,0,0,0,1]
[20:00:29.084] T1 | Marcado: [0,0,1,2,0,0,1,0,0,0,0,1]
[20:00:29.108] T11 | Marcado: [1,0,1,2,0,0,1,0,0,0,0,0]
[20:00:29.111] T0 | Marcado: [0,1,0,2,0,0,1,0,0,0,0,0]
[20:00:29.113] T1 | Marcado: [0,0,1,3,0,0,1,0,0,0,0,0]
[20:00:29.125] T7 | Marcado: [0,0,1,2,0,0,0,0,1,0,0,0]
[20:00:29.125] T8 | Marcado: [0,0,1,2,0,0,0,0,0,1,0,0]
[20:00:29.216] T9 | Marcado: [0,0,1,2,0,0,0,0,0,0,1,0]
[20:00:29.299] T10 | Marcado: [0,0,1,2,0,0,1,0,0,0,0,1]
[20:00:29.301] T2 | Marcado: [0,0,1,1,1,0,0,0,0,0,0,1]
[20:00:29.301] T3 | Marcado: [0,0,1,1,0,1,0,0,0,0,0,1]
[20:00:29.381] T4 | Marcado: [0,0,1,1,0,0,1,0,0,0,0,2]
[20:00:29.382] T5 | Marcado: [0,0,1,0,0,0,0,1,0,0,0,2]
[20:00:29.382] T6 | Marcado: [0,0,1,0,0,0,1,0,0,0,0,3]
[20:00:29.415] T11 | Marcado: [1,0,1,0,0,0,1,0,0,0,0,2]
[20:00:29.415] T0 | Marcado: [0,1,0,0,0,0,1,0,0,0,0,2]
[20:00:29.416] T1 | Marcado: [0,0,1,1,0,0,1,0,0,0,0,2]
[20:00:29.462] T11 | Marcado: [1,0,1,1,0,0,1,0,0,0,0,1]
[20:00:29.463] T0 | Marcado: [0,1,0,1,0,0,1,0,0,0,0,1]
[20:00:29.463] T1 | Marcado: [0,0,1,2,0,0,1,0,0,0,0,1]
[20:00:29.484] T11 | Marcado: [1,0,1,2,0,0,1,0,0,0,0,0]
[20:00:29.484] T0 | Marcado: [0,1,0,2,0,0,1,0,0,0,0,0]
[20:00:29.485] T1 | Marcado: [0,0,1,3,0,0,1,0,0,0,0,0]
[20:00:29.517] T7 | Marcado: [0,0,1,2,0,0,0,0,1,0,0,0]
[20:00:29.518] T8 | Marcado: [0,0,1,2,0,0,0,0,0,1,0,0]
[20:00:29.600] T9 | Marcado: [0,0,1,2,0,0,0,0,0,0,1,0]
[20:00:29.682] T10 | Marcado: [0,0,1,2,0,0,1,0,0,0,0,1]
[20:00:29.683] T5 | Marcado: [0,0,1,1,0,0,0,1,0,0,0,1]
[20:00:29.683] T6 | Marcado: [0,0,1,1,0,0,1,0,0,0,0,2]
[20:00:29.689] T2 | Marcado: [0,0,1,0,1,0,0,0,0,0,0,2]
[20:00:29.689] T3 | Marcado: [0,0,1,0,0,1,0,0,0,0,0,2]
[20:00:29.765] T11 | Marcado: [1,0,1,0,0,1,0,0,0,0,0,1]
[20:00:29.765] T0 | Marcado: [0,1,0,0,0,1,0,0,0,0,0,1]
[20:00:29.765] T1 | Marcado: [0,0,1,1,0,1,0,0,0,0,0,1]
[20:00:29.771] T4 | Marcado: [0,0,1,1,0,0,1,0,0,0,0,2]
[20:00:29.784] T11 | Marcado: [1,0,1,1,0,0,1,0,0,0,0,1]
[20:00:29.788] T0 | Marcado: [0,1,0,1,0,0,1,0,0,0,0,1]
[20:00:29.799] T1 | Marcado: [0,0,1,2,0,0,1,0,0,0,0,1]
[20:00:29.867] T5 | Marcado: [0,0,1,1,0,0,0,1,0,0,0,1]
[20:00:29.868] T6 | Marcado: [0,0,1,1,0,0,1,0,0,0,0,2]
[20:00:29.872] T11 | Marcado: [1,0,1,1,0,0,1,0,0,0,0,1]
[20:00:29.875] T0 | Marcado: [0,1,0,1,0,0,1,0,0,0,0,1]
[20:00:29.876] T1 | Marcado: [0,0,1,2,0,0,1,0,0,0,0,1]
[20:00:29.904] T7 | Marcado: [0,0,1,1,0,0,0,0,1,0,0,1]
[20:00:29.904] T8 | Marcado: [0,0,1,1,0,0,0,0,0,1,0,1]
[20:00:29.950] T11 | Marcado: [1,0,1,1,0,0,0,0,0,1,0,0]
[20:00:29.952] T0 | Marcado: [0,1,0,1,0,0,0,0,0,1,0,0]
[20:00:29.952] T1 | Marcado: [0,0,1,2,0,0,0,0,0,1,0,0]
[20:00:29.984] T9 | Marcado: [0,0,1,2,0,0,0,0,0,0,1,0]
[20:00:30.067] T10 | Marcado: [0,0,1,2,0,0,1,0,0,0,0,1]
[20:00:30.071] T2 | Marcado: [0,0,1,1,1,0,0,0,0,0,0,1]
[20:00:30.073] T3 | Marcado: [0,0,1,1,0,1,0,0,0,0,0,1]
[20:00:30.155] T4 | Marcado: [0,0,1,1,0,0,1,0,0,0,0,2]
[20:00:30.160] T5 | Marcado: [0,0,1,0,0,0,0,1,0,0,0,2]
[20:00:30.160] T6 | Marcado: [0,0,1,0,0,0,1,0,0,0,0,3]
[20:00:30.174] T11 | Marcado: [1,0,1,0,0,0,1,0,0,0,0,2]
[20:00:30.175] T0 | Marcado: [0,1,0,0,0,0,1,0,0,0,0,2]
[20:00:30.176] T1 | Marcado: [0,0,1,1,0,0,1,0,0,0,0,2]
[20:00:30.241] T11 | Marcado: [1,0,1,1,0,0,1,0,0,0,0,1]
[20:00:30.242] T0 | Marcado: [0,1,0,1,0,0,1,0,0,0,0,1]
[20:00:30.245] T1 | Marcado: [0,0,1,2,0,0,1,0,0,0,0,1]
[20:00:30.256] T11 | Marcado: [1,0,1,2,0,0,1,0,0,0,0,0]
[20:00:30.258] T0 | Marcado: [0,1,0,2,0,0,1,0,0,0,0,0]
[20:00:30.271] T1 | Marcado: [0,0,1,3,0,0,1,0,0,0,0,0]
[20:00:30.279] T7 | Marcado: [0,0,1,2,0,0,0,0,1,0,0,0]
[20:00:30.282] T8 | Marcado: [0,0,1,2,0,0,0,0,0,1,0,0]
[20:00:30.368] T9 | Marcado: [0,0,1,2,0,0,0,0,0,0,1,0]
[20:00:30.464] T10 | Marcado: [0,0,1,2,0,0,1,0,0,0,0,1]
[20:00:30.563] T2 | Marcado: [0,0,1,1,1,0,0,0,0,0,0,1]
[20:00:30.563] T3 | Marcado: [0,0,1,1,0,1,0,0,0,0,0,1]
[20:00:30.566] T11 | Marcado: [1,0,1,1,0,1,0,0,0,0,0,0]
[20:00:30.566] T0 | Marcado: [0,1,0,1,0,1,0,0,0,0,0,0]
[20:00:30.566] T1 | Marcado: [0,0,1,2,0,1,0,0,0,0,0,0]
[20:00:30.645] T4 | Marcado: [0,0,1,2,0,0,1,0,0,0,0,1]
[20:00:30.651] T5 | Marcado: [0,0,1,1,0,0,0,1,0,0,0,1]
[20:00:30.652] T6 | Marcado: [0,0,1,1,0,0,1,0,0,0,0,2]
[20:00:30.667] T7 | Marcado: [0,0,1,0,0,0,0,0,1,0,0,2]
[20:00:30.668] T8 | Marcado: [0,0,1,0,0,0,0,0,0,1,0,2]
[20:00:30.732] T11 | Marcado: [1,0,1,0,0,0,0,0,0,1,0,1]
[20:00:30.733] T0 | Marcado: [0,1,0,0,0,0,0,0,0,1,0,1]
[20:00:30.733] T1 | Marcado: [0,0,1,1,0,0,0,0,0,1,0,1]
[20:00:30.746] T11 | Marcado: [1,0,1,1,0,0,0,0,0,1,0,0]
[20:00:30.747] T0 | Marcado: [0,1,0,1,0,0,0,0,0,1,0,0]
[20:00:30.748] T1 | Marcado: [0,0,1,2,0,0,0,0,0,1,0,0]
[20:00:30.748] T9 | Marcado: [0,0,1,2,0,0,0,0,0,0,1,0]
[20:00:30.829] T10 | Marcado: [0,0,1,2,0,0,1,0,0,0,0,1]
[20:00:30.834] T5 | Marcado: [0,0,1,1,0,0,0,1,0,0,0,1]
[20:00:30.835] T6 | Marcado: [0,0,1,1,0,0,1,0,0,0,0,2]
[20:00:30.859] T2 | Marcado: [0,0,1,0,1,0,0,0,0,0,0,2]
[20:00:30.860] T3 | Marcado: [0,0,1,0,0,1,0,0,0,0,0,2]
[20:00:30.918] T11 | Marcado: [1,0,1,0,0,1,0,0,0,0,0,1]
[20:00:30.918] T0 | Marcado: [0,1,0,0,0,1,0,0,0,0,0,1]
[20:00:30.918] T1 | Marcado: [0,0,1,1,0,1,0,0,0,0,0,1]
[20:00:30.931] T11 | Marcado: [1,0,1,1,0,1,0,0,0,0,0,0]
[20:00:30.931] T0 | Marcado: [0,1,0,1,0,1,0,0,0,0,0,0]
[20:00:30.931] T1 | Marcado: [0,0,1,2,0,1,0,0,0,0,0,0]
[20:00:30.942] T4 | Marcado: [0,0,1,2,0,0,1,0,0,0,0,1]
[20:00:31.020] T5 | Marcado: [0,0,1,1,0,0,0,1,0,0,0,1]
[20:00:31.020] T6 | Marcado: [0,0,1,1,0,0,1,0,0,0,0,2]
[20:00:31.032] T7 | Marcado: [0,0,1,0,0,0,0,0,1,0,0,2]
[20:00:31.033] T8 | Marcado: [0,0,1,0,0,0,0,0,0,1,0,2]
[20:00:31.043] T11 | Marcado: [1,0,1,0,0,0,0,0,0,1,0,1]
[20:00:31.047] T0 | Marcado: [0,1,0,0,0,0,0,0,0,1,0,1]
[20:00:31.047] T1 | Marcado: [0,0,1,1,0,0,0,0,0,1,0,1]
[20:00:31.102] T11 | Marcado: [1,0,1,1,0,0,0,0,0,1,0,0]
[20:00:31.102] T0 | Marcado: [0,1,0,1,0,0,0,0,0,1,0,0]
[20:00:31.103] T1 | Marcado: [0,0,1,2,0,0,0,0,0,1,0,0]
[20:00:31.119] T9 | Marcado: [0,0,1,2,0,0,0,0,0,0,1,0]
[20:00:31.200] T10 | Marcado: [0,0,1,2,0,0,1,0,0,0,0,1]
[20:00:31.203] T2 | Marcado: [0,0,1,1,1,0,0,0,0,0,0,1]
[20:00:31.204] T3 | Marcado: [0,0,1,1,0,1,0,0,0,0,0,1]
[20:00:31.285] T4 | Marcado: [0,0,1,1,0,0,1,0,0,0,0,2]
[20:00:31.289] T5 | Marcado: [0,0,1,0,0,0,0,1,0,0,0,2]
[20:00:31.289] T6 | Marcado: [0,0,1,0,0,0,1,0,0,0,0,3]
[20:00:31.306] T11 | Marcado: [1,0,1,0,0,0,1,0,0,0,0,2]
[20:00:31.308] T0 | Marcado: [0,1,0,0,0,0,1,0,0,0,0,2]
[20:00:31.309] T1 | Marcado: [0,0,1,1,0,0,1,0,0,0,0,2]
[20:00:31.371] T11 | Marcado: [1,0,1,1,0,0,1,0,0,0,0,1]
[20:00:31.372] T0 | Marcado: [0,1,0,1,0,0,1,0,0,0,0,1]
[20:00:31.373] T1 | Marcado: [0,0,1,2,0,0,1,0,0,0,0,1]
[20:00:31.387] T11 | Marcado: [1,0,1,2,0,0,1,0,0,0,0,0]
[20:00:31.395] T0 | Marcado: [0,1,0,2,0,0,1,0,0,0,0,0]
[20:00:31.397] T1 | Marcado: [0,0,1,3,0,0,1,0,0,0,0,0]
[20:00:31.415] T7 | Marcado: [0,0,1,2,0,0,0,0,1,0,0,0]
[20:00:31.416] T8 | Marcado: [0,0,1,2,0,0,0,0,0,1,0,0]
[20:00:31.503] T9 | Marcado: [0,0,1,2,0,0,0,0,0,0,1,0]
[20:00:31.584] T10 | Marcado: [0,0,1,2,0,0,1,0,0,0,0,1]
[20:00:31.587] T5 | Marcado: [0,0,1,1,0,0,0,1,0,0,0,1]
[20:00:31.587] T6 | Marcado: [0,0,1,1,0,0,1,0,0,0,0,2]
[20:00:31.592] T2 | Marcado: [0,0,1,0,1,0,0,0,0,0,0,2]
[20:00:31.592] T3 | Marcado: [0,0,1,0,0,1,0,0,0,0,0,2]
[20:00:31.668] T11 | Marcado: [1,0,1,0,0,1,0,0,0,0,0,1]
[20:00:31.668] T0 | Marcado: [0,1,0,0,0,1,0,0,0,0,0,1]
[20:00:31.668] T1 | Marcado: [0,0,1,1,0,1,0,0,0,0,0,1]
[20:00:31.674] T4 | Marcado: [0,0,1,1,0,0,1,0,0,0,0,2]
[20:00:31.686] T11 | Marcado: [1,0,1,1,0,0,1,0,0,0,0,1]
[20:00:31.686] T0 | Marcado: [0,1,0,1,0,0,1,0,0,0,0,1]
[20:00:31.687] T1 | Marcado: [0,0,1,2,0,0,1,0,0,0,0,1]
[20:00:31.770] T5 | Marcado: [0,0,1,1,0,0,0,1,0,0,0,1]
[20:00:31.770] T6 | Marcado: [0,0,1,1,0,0,1,0,0,0,0,2]
[20:00:31.774] T11 | Marcado: [1,0,1,1,0,0,1,0,0,0,0,1]
[20:00:31.775] T0 | Marcado: [0,1,0,1,0,0,1,0,0,0,0,1]
[20:00:31.775] T1 | Marcado: [0,0,1,2,0,0,1,0,0,0,0,1]
[20:00:31.791] T7 | Marcado: [0,0,1,1,0,0,0,0,1,0,0,1]
[20:00:31.792] T8 | Marcado: [0,0,1,1,0,0,0,0,0,1,0,1]
[20:00:31.851] T11 | Marcado: [1,0,1,1,0,0,0,0,0,1,0,0]
[20:00:31.853] T0 | Marcado: [0,1,0,1,0,0,0,0,0,1,0,0]
[20:00:31.854] T1 | Marcado: [0,0,1,2,0,0,0,0,0,1,0,0]
[20:00:31.873] T9 | Marcado: [0,0,1,2,0,0,0,0,0,0,1,0]
[20:00:31.994] T10 | Marcado: [0,0,1,2,0,0,1,0,0,0,0,1]
[20:00:31.995] T5 | Marcado: [0,0,1,1,0,0,0,1,0,0,0,1]
[20:00:31.996] T6 | Marcado: [0,0,1,1,0,0,1,0,0,0,0,2]
[20:00:32.000] T2 | Marcado: [0,0,1,0,1,0,0,0,0,0,0,2]
[20:00:32.000] T3 | Marcado: [0,0,1,0,0,1,0,0,0,0,0,2]
[20:00:32.076] T11 | Marcado: [1,0,1,0,0,1,0,0,0,0,0,1]
[20:00:32.079] T0 | Marcado: [0,1,0,0,0,1,0,0,0,0,0,1]
[20:00:32.080] T1 | Marcado: [0,0,1,1,0,1,0,0,0,0,0,1]
[20:00:32.080] T4 | Marcado: [0,0,1,1,0,0,1,0,0,0,0,2]
[20:00:32.108] T11 | Marcado: [1,0,1,1,0,0,1,0,0,0,0,1]
[20:00:32.108] T0 | Marcado: [0,1,0,1,0,0,1,0,0,0,0,1]
[20:00:32.110] T1 | Marcado: [0,0,1,2,0,0,1,0,0,0,0,1]
[20:00:32.181] T5 | Marcado: [0,0,1,1,0,0,0,1,0,0,0,1]
[20:00:32.182] T6 | Marcado: [0,0,1,1,0,0,1,0,0,0,0,2]
[20:00:32.182] T11 | Marcado: [1,0,1,1,0,0,1,0,0,0,0,1]
[20:00:32.182] T0 | Marcado: [0,1,0,1,0,0,1,0,0,0,0,1]
[20:00:32.183] T1 | Marcado: [0,0,1,2,0,0,1,0,0,0,0,1]
[20:00:32.212] T7 | Marcado: [0,0,1,1,0,0,0,0,1,0,0,1]
[20:00:32.212] T8 | Marcado: [0,0,1,1,0,0,0,0,0,1,0,1]
[20:00:32.262] T11 | Marcado: [1,0,1,1,0,0,0,0,0,1,0,0]
[20:00:32.263] T0 | Marcado: [0,1,0,1,0,0,0,0,0,1,0,0]
[20:00:32.264] T1 | Marcado: [0,0,1,2,0,0,0,0,0,1,0,0]
[20:00:32.304] T9 | Marcado: [0,0,1,2,0,0,0,0,0,0,1,0]
[20:00:32.389] T10 | Marcado: [0,0,1,2,0,0,1,0,0,0,0,1]
[20:00:32.394] T5 | Marcado: [0,0,1,1,0,0,0,1,0,0,0,1]
[20:00:32.394] T6 | Marcado: [0,0,1,1,0,0,1,0,0,0,0,2]
[20:00:32.402] T2 | Marcado: [0,0,1,0,1,0,0,0,0,0,0,2]
[20:00:32.403] T3 | Marcado: [0,0,1,0,0,1,0,0,0,0,0,2]
[20:00:32.475] T11 | Marcado: [1,0,1,0,0,1,0,0,0,0,0,1]
[20:00:32.476] T0 | Marcado: [0,1,0,0,0,1,0,0,0,0,0,1]
[20:00:32.476] T1 | Marcado: [0,0,1,1,0,1,0,0,0,0,0,1]
[20:00:32.484] T4 | Marcado: [0,0,1,1,0,0,1,0,0,0,0,2]
[20:00:32.493] T11 | Marcado: [1,0,1,1,0,0,1,0,0,0,0,1]
[20:00:32.508] T0 | Marcado: [0,1,0,1,0,0,1,0,0,0,0,1]
[20:00:32.509] T1 | Marcado: [0,0,1,2,0,0,1,0,0,0,0,1]
[20:00:32.577] T5 | Marcado: [0,0,1,1,0,0,0,1,0,0,0,1]
[20:00:32.578] T6 | Marcado: [0,0,1,1,0,0,1,0,0,0,0,2]
[20:00:32.586] T11 | Marcado: [1,0,1,1,0,0,1,0,0,0,0,1]
[20:00:32.588] T0 | Marcado: [0,1,0,1,0,0,1,0,0,0,0,1]
[20:00:32.590] T1 | Marcado: [0,0,1,2,0,0,1,0,0,0,0,1]
[20:00:32.611] T7 | Marcado: [0,0,1,1,0,0,0,0,1,0,0,1]
[20:00:32.611] T8 | Marcado: [0,0,1,1,0,0,0,0,0,1,0,1]
[20:00:32.661] T11 | Marcado: [1,0,1,1,0,0,0,0,0,1,0,0]
[20:00:32.661] T0 | Marcado: [0,1,0,1,0,0,0,0,0,1,0,0]
[20:00:32.662] T1 | Marcado: [0,0,1,2,0,0,0,0,0,1,0,0]
[20:00:32.694] T9 | Marcado: [0,0,1,2,0,0,0,0,0,0,1,0]
[20:00:32.775] T10 | Marcado: [0,0,1,2,0,0,1,0,0,0,0,1]
[20:00:32.778] T2 | Marcado: [0,0,1,1,1,0,0,0,0,0,0,1]
[20:00:32.778] T3 | Marcado: [0,0,1,1,0,1,0,0,0,0,0,1]
[20:00:32.859] T4 | Marcado: [0,0,1,1,0,0,1,0,0,0,0,2]
[20:00:32.866] T5 | Marcado: [0,0,1,0,0,0,0,1,0,0,0,2]
[20:00:32.866] T6 | Marcado: [0,0,1,0,0,0,1,0,0,0,0,3]
[20:00:32.880] T11 | Marcado: [1,0,1,0,0,0,1,0,0,0,0,2]
[20:00:32.880] T0 | Marcado: [0,1,0,0,0,0,1,0,0,0,0,2]
[20:00:32.881] T1 | Marcado: [0,0,1,1,0,0,1,0,0,0,0,2]
[20:00:32.947] T11 | Marcado: [1,0,1,1,0,0,1,0,0,0,0,1]
[20:00:32.948] T0 | Marcado: [0,1,0,1,0,0,1,0,0,0,0,1]
[20:00:32.949] T1 | Marcado: [0,0,1,2,0,0,1,0,0,0,0,1]
[20:00:32.961] T11 | Marcado: [1,0,1,2,0,0,1,0,0,0,0,0]
[20:00:32.962] T0 | Marcado: [0,1,0,2,0,0,1,0,0,0,0,0]
[20:00:32.962] T1 | Marcado: [0,0,1,3,0,0,1,0,0,0,0,0]
[20:00:32.984] T7 | Marcado: [0,0,1,2,0,0,0,0,1,0,0,0]
[20:00:32.984] T8 | Marcado: [0,0,1,2,0,0,0,0,0,1,0,0]
[20:00:33.076] T9 | Marcado: [0,0,1,2,0,0,0,0,0,0,1,0]
[20:00:33.157] T10 | Marcado: [0,0,1,2,0,0,1,0,0,0,0,1]
[20:00:33.158] T2 | Marcado: [0,0,1,1,1,0,0,0,0,0,0,1]
[20:00:33.158] T3 | Marcado: [0,0,1,1,0,1,0,0,0,0,0,1]
[20:00:33.239] T4 | Marcado: [0,0,1,1,0,0,1,0,0,0,0,2]
[20:00:33.240] T5 | Marcado: [0,0,1,0,0,0,0,1,0,0,0,2]
[20:00:33.240] T6 | Marcado: [0,0,1,0,0,0,1,0,0,0,0,3]
[20:00:33.261] T11 | Marcado: [1,0,1,0,0,0,1,0,0,0,0,2]
[20:00:33.262] T0 | Marcado: [0,1,0,0,0,0,1,0,0,0,0,2]
[20:00:33.262] T1 | Marcado: [0,0,1,1,0,0,1,0,0,0,0,2]
[20:00:33.321] T11 | Marcado: [1,0,1,1,0,0,1,0,0,0,0,1]
[20:00:33.322] T0 | Marcado: [0,1,0,1,0,0,1,0,0,0,0,1]
[20:00:33.322] T1 | Marcado: [0,0,1,2,0,0,1,0,0,0,0,1]
[20:00:33.356] T11 | Marcado: [1,0,1,2,0,0,1,0,0,0,0,0]
[20:00:33.357] T0 | Marcado: [0,1,0,2,0,0,1,0,0,0,0,0]
[20:00:33.358] T1 | Marcado: [0,0,1,3,0,0,1,0,0,0,0,0]
[20:00:33.364] T7 | Marcado: [0,0,1,2,0,0,0,0,1,0,0,0]
[20:00:33.364] T8 | Marcado: [0,0,1,2,0,0,0,0,0,1,0,0]
[20:00:33.461] T9 | Marcado: [0,0,1,2,0,0,0,0,0,0,1,0]
[20:00:33.542] T10 | Marcado: [0,0,1,2,0,0,1,0,0,0,0,1]
[20:00:33.544] T2 | Marcado: [0,0,1,1,1,0,0,0,0,0,0,1]
[20:00:33.544] T3 | Marcado: [0,0,1,1,0,1,0,0,0,0,0,1]
[20:00:33.624] T4 | Marcado: [0,0,1,1,0,0,1,0,0,0,0,2]
[20:00:33.629] T5 | Marcado: [0,0,1,0,0,0,0,1,0,0,0,2]
[20:00:33.629] T6 | Marcado: [0,0,1,0,0,0,1,0,0,0,0,3]
[20:00:33.644] T11 | Marcado: [1,0,1,0,0,0,1,0,0,0,0,2]
[20:00:33.645] T0 | Marcado: [0,1,0,0,0,0,1,0,0,0,0,2]
[20:00:33.645] T1 | Marcado: [0,0,1,1,0,0,1,0,0,0,0,2]
[20:00:33.709] T11 | Marcado: [1,0,1,1,0,0,1,0,0,0,0,1]
[20:00:33.710] T0 | Marcado: [0,1,0,1,0,0,1,0,0,0,0,1]
[20:00:33.710] T1 | Marcado: [0,0,1,2,0,0,1,0,0,0,0,1]
[20:00:33.736] T11 | Marcado: [1,0,1,2,0,0,1,0,0,0,0,0]
[20:00:33.740] T0 | Marcado: [0,1,0,2,0,0,1,0,0,0,0,0]
[20:00:33.740] T1 | Marcado: [0,0,1,3,0,0,1,0,0,0,0,0]
[20:00:33.753] T7 | Marcado: [0,0,1,2,0,0,0,0,1,0,0,0]
[20:00:33.753] T8 | Marcado: [0,0,1,2,0,0,0,0,0,1,0,0]
[20:00:33.836] T9 | Marcado: [0,0,1,2,0,0,0,0,0,0,1,0]
[20:00:33.918] T10 | Marcado: [0,0,1,2,0,0,1,0,0,0,0,1]
[20:00:33.919] T5 | Marcado: [0,0,1,1,0,0,0,1,0,0,0,1]
[20:00:33.919] T6 | Marcado: [0,0,1,1,0,0,1,0,0,0,0,2]
[20:00:33.924] T2 | Marcado: [0,0,1,0,1,0,0,0,0,0,0,2]
[20:00:33.924] T3 | Marcado: [0,0,1,0,0,1,0,0,0,0,0,2]
[20:00:33.999] T11 | Marcado: [1,0,1,0,0,1,0,0,0,0,0,1]
[20:00:34.000] T0 | Marcado: [0,1,0,0,0,1,0,0,0,0,0,1]
[20:00:34.000] T1 | Marcado: [0,0,1,1,0,1,0,0,0,0,0,1]
[20:00:34.005] T4 | Marcado: [0,0,1,1,0,0,1,0,0,0,0,2]
[20:00:34.020] T11 | Marcado: [1,0,1,1,0,0,1,0,0,0,0,1]
[20:00:34.020] T0 | Marcado: [0,1,0,1,0,0,1,0,0,0,0,1]
[20:00:34.022] T1 | Marcado: [0,0,1,2,0,0,1,0,0,0,0,1]
[20:00:34.101] T5 | Marcado: [0,0,1,1,0,0,0,1,0,0,0,1]
[20:00:34.102] T6 | Marcado: [0,0,1,1,0,0,1,0,0,0,0,2]
[20:00:34.106] T11 | Marcado: [1,0,1,1,0,0,1,0,0,0,0,1]
[20:00:34.109] T0 | Marcado: [0,1,0,1,0,0,1,0,0,0,0,1]
[20:00:34.111] T1 | Marcado: [0,0,1,2,0,0,1,0,0,0,0,1]
[20:00:34.136] T7 | Marcado: [0,0,1,1,0,0,0,0,1,0,0,1]
[20:00:34.136] T8 | Marcado: [0,0,1,1,0,0,0,0,0,1,0,1]
[20:00:34.183] T11 | Marcado: [1,0,1,1,0,0,0,0,0,1,0,0]
[20:00:34.185] T0 | Marcado: [0,1,0,1,0,0,0,0,0,1,0,0]
[20:00:34.185] T1 | Marcado: [0,0,1,2,0,0,0,0,0,1,0,0]
[20:00:34.218] T9 | Marcado: [0,0,1,2,0,0,0,0,0,0,1,0]
[20:00:34.300] T10 | Marcado: [0,0,1,2,0,0,1,0,0,0,0,1]
[20:00:34.301] T2 | Marcado: [0,0,1,1,1,0,0,0,0,0,0,1]
[20:00:34.302] T3 | Marcado: [0,0,1,1,0,1,0,0,0,0,0,1]
[20:00:34.389] T4 | Marcado: [0,0,1,1,0,0,1,0,0,0,0,2]
[20:00:34.394] T5 | Marcado: [0,0,1,0,0,0,0,1,0,0,0,2]
[20:00:34.394] T6 | Marcado: [0,0,1,0,0,0,1,0,0,0,0,3]
[20:00:34.401] T11 | Marcado: [1,0,1,0,0,0,1,0,0,0,0,2]
[20:00:34.402] T0 | Marcado: [0,1,0,0,0,0,1,0,0,0,0,2]
[20:00:34.402] T1 | Marcado: [0,0,1,1,0,0,1,0,0,0,0,2]
[20:00:34.475] T11 | Marcado: [1,0,1,1,0,0,1,0,0,0,0,1]
[20:00:34.476] T0 | Marcado: [0,1,0,1,0,0,1,0,0,0,0,1]
[20:00:34.479] T1 | Marcado: [0,0,1,2,0,0,1,0,0,0,0,1]
[20:00:34.490] T11 | Marcado: [1,0,1,2,0,0,1,0,0,0,0,0]
[20:00:34.493] T0 | Marcado: [0,1,0,2,0,0,1,0,0,0,0,0]
[20:00:34.494] T1 | Marcado: [0,0,1,3,0,0,1,0,0,0,0,0]
[20:00:34.504] T7 | Marcado: [0,0,1,2,0,0,0,0,1,0,0,0]
[20:00:34.504] T8 | Marcado: [0,0,1,2,0,0,0,0,0,1,0,0]
[20:00:34.585] T9 | Marcado: [0,0,1,2,0,0,0,0,0,0,1,0]
[20:00:34.666] T10 | Marcado: [0,0,1,2,0,0,1,0,0,0,0,1]
[20:00:34.669] T2 | Marcado: [0,0,1,1,1,0,0,0,0,0,0,1]
[20:00:34.669] T3 | Marcado: [0,0,1,1,0,1,0,0,0,0,0,1]
[20:00:34.750] T4 | Marcado: [0,0,1,1,0,0,1,0,0,0,0,2]
[20:00:34.752] T5 | Marcado: [0,0,1,0,0,0,0,1,0,0,0,2]
[20:00:34.752] T6 | Marcado: [0,0,1,0,0,0,1,0,0,0,0,3]
[20:00:34.770] T11 | Marcado: [1,0,1,0,0,0,1,0,0,0,0,2]
[20:00:34.770] T0 | Marcado: [0,1,0,0,0,0,1,0,0,0,0,2]
[20:00:34.771] T1 | Marcado: [0,0,1,1,0,0,1,0,0,0,0,2]
[20:00:34.833] T11 | Marcado: [1,0,1,1,0,0,1,0,0,0,0,1]
[20:00:34.834] T0 | Marcado: [0,1,0,1,0,0,1,0,0,0,0,1]
[20:00:34.834] T1 | Marcado: [0,0,1,2,0,0,1,0,0,0,0,1]
[20:00:34.851] T11 | Marcado: [1,0,1,2,0,0,1,0,0,0,0,0]
[20:00:34.856] T0 | Marcado: [0,1,0,2,0,0,1,0,0,0,0,0]
[20:00:34.857] T1 | Marcado: [0,0,1,3,0,0,1,0,0,0,0,0]
[20:00:34.872] T7 | Marcado: [0,0,1,2,0,0,0,0,1,0,0,0]
[20:00:34.872] T8 | Marcado: [0,0,1,2,0,0,0,0,0,1,0,0]
[20:00:34.957] T9 | Marcado: [0,0,1,2,0,0,0,0,0,0,1,0]
[20:00:35.040] T10 | Marcado: [0,0,1,2,0,0,1,0,0,0,0,1]
[20:00:35.042] T5 | Marcado: [0,0,1,1,0,0,0,1,0,0,0,1]
[20:00:35.042] T6 | Marcado: [0,0,1,1,0,0,1,0,0,0,0,2]
[20:00:35.046] T2 | Marcado: [0,0,1,0,1,0,0,0,0,0,0,2]
[20:00:35.046] T3 | Marcado: [0,0,1,0,0,1,0,0,0,0,0,2]
[20:00:35.122] T11 | Marcado: [1,0,1,0,0,1,0,0,0,0,0,1]
[20:00:35.124] T0 | Marcado: [0,1,0,0,0,1,0,0,0,0,0,1]
[20:00:35.124] T1 | Marcado: [0,0,1,1,0,1,0,0,0,0,0,1]
[20:00:35.128] T4 | Marcado: [0,0,1,1,0,0,1,0,0,0,0,2]
[20:00:35.145] T11 | Marcado: [1,0,1,1,0,0,1,0,0,0,0,1]
[20:00:35.146] T0 | Marcado: [0,1,0,1,0,0,1,0,0,0,0,1]
[20:00:35.147] T1 | Marcado: [0,0,1,2,0,0,1,0,0,0,0,1]
[20:00:35.225] T5 | Marcado: [0,0,1,1,0,0,0,1,0,0,0,1]
[20:00:35.226] T6 | Marcado: [0,0,1,1,0,0,1,0,0,0,0,2]
[20:00:35.229] T11 | Marcado: [1,0,1,1,0,0,1,0,0,0,0,1]
[20:00:35.229] T0 | Marcado: [0,1,0,1,0,0,1,0,0,0,0,1]
[20:00:35.229] T1 | Marcado: [0,0,1,2,0,0,1,0,0,0,0,1]
[20:00:35.249] T7 | Marcado: [0,0,1,1,0,0,0,0,1,0,0,1]
[20:00:35.250] T8 | Marcado: [0,0,1,1,0,0,0,0,0,1,0,1]
[20:00:35.308] T11 | Marcado: [1,0,1,1,0,0,0,0,0,1,0,0]
[20:00:35.308] T0 | Marcado: [0,1,0,1,0,0,0,0,0,1,0,0]
[20:00:35.309] T1 | Marcado: [0,0,1,2,0,0,0,0,0,1,0,0]
[20:00:35.333] T9 | Marcado: [0,0,1,2,0,0,0,0,0,0,1,0]
[20:00:35.415] T10 | Marcado: [0,0,1,2,0,0,1,0,0,0,0,1]
[20:00:35.416] T2 | Marcado: [0,0,1,1,1,0,0,0,0,0,0,1]
[20:00:35.416] T3 | Marcado: [0,0,1,1,0,1,0,0,0,0,0,1]
[20:00:35.498] T4 | Marcado: [0,0,1,1,0,0,1,0,0,0,0,2]
[20:00:35.502] T5 | Marcado: [0,0,1,0,0,0,0,1,0,0,0,2]
[20:00:35.502] T6 | Marcado: [0,0,1,0,0,0,1,0,0,0,0,3]
[20:00:35.520] T11 | Marcado: [1,0,1,0,0,0,1,0,0,0,0,2]
[20:00:35.522] T0 | Marcado: [0,1,0,0,0,0,1,0,0,0,0,2]
[20:00:35.523] T1 | Marcado: [0,0,1,1,0,0,1,0,0,0,0,2]
[20:00:35.583] T11 | Marcado: [1,0,1,1,0,0,1,0,0,0,0,1]
[20:00:35.584] T0 | Marcado: [0,1,0,1,0,0,1,0,0,0,0,1]
[20:00:35.584] T1 | Marcado: [0,0,1,2,0,0,1,0,0,0,0,1]
[20:00:35.598] T11 | Marcado: [1,0,1,2,0,0,1,0,0,0,0,0]
[20:00:35.614] T0 | Marcado: [0,1,0,2,0,0,1,0,0,0,0,0]
[20:00:35.615] T1 | Marcado: [0,0,1,3,0,0,1,0,0,0,0,0]
[20:00:35.627] T7 | Marcado: [0,0,1,2,0,0,0,0,1,0,0,0]
[20:00:35.631] T8 | Marcado: [0,0,1,2,0,0,0,0,0,1,0,0]
[20:00:35.755] T9 | Marcado: [0,0,1,2,0,0,0,0,0,0,1,0]
[20:00:35.836] T10 | Marcado: [0,0,1,2,0,0,1,0,0,0,0,1]
[20:00:35.842] T2 | Marcado: [0,0,1,1,1,0,0,0,0,0,0,1]
[20:00:35.843] T3 | Marcado: [0,0,1,1,0,1,0,0,0,0,0,1]
[20:00:35.924] T4 | Marcado: [0,0,1,1,0,0,1,0,0,0,0,2]
[20:00:35.930] T5 | Marcado: [0,0,1,0,0,0,0,1,0,0,0,2]
[20:00:35.942] T6 | Marcado: [0,0,1,0,0,0,1,0,0,0,0,3]
[20:00:35.942] T11 | Marcado: [1,0,1,0,0,0,1,0,0,0,0,2]
[20:00:35.943] T0 | Marcado: [0,1,0,0,0,0,1,0,0,0,0,2]
[20:00:35.944] T1 | Marcado: [0,0,1,1,0,0,1,0,0,0,0,2]
[20:00:36.024] T11 | Marcado: [1,0,1,1,0,0,1,0,0,0,0,1]
[20:00:36.028] T0 | Marcado: [0,1,0,1,0,0,1,0,0,0,0,1]
[20:00:36.028] T11 | Marcado: [1,1,0,1,0,0,1,0,0,0,0,0]
[20:00:36.078] T1 | Marcado: [1,0,1,2,0,0,1,0,0,0,0,0]
[20:00:36.080] T7 | Marcado: [1,0,1,1,0,0,0,0,1,0,0,0]
[20:00:36.080] T0 | Marcado: [0,1,0,1,0,0,0,0,1,0,0,0]
[20:00:36.081] T8 | Marcado: [0,1,0,1,0,0,0,0,0,1,0,0]
[20:00:36.081] T1 | Marcado: [0,0,1,2,0,0,0,0,0,1,0,0]
[20:00:36.161] T9 | Marcado: [0,0,1,2,0,0,0,0,0,0,1,0]
[20:00:36.303] T10 | Marcado: [0,0,1,2,0,0,1,0,0,0,0,1]
[20:00:36.308] T5 | Marcado: [0,0,1,1,0,0,0,1,0,0,0,1]
[20:00:36.308] T6 | Marcado: [0,0,1,1,0,0,1,0,0,0,0,2]
[20:00:36.314] T2 | Marcado: [0,0,1,0,1,0,0,0,0,0,0,2]
[20:00:36.314] T3 | Marcado: [0,0,1,0,0,1,0,0,0,0,0,2]
[20:00:36.390] T11 | Marcado: [1,0,1,0,0,1,0,0,0,0,0,1]
[20:00:36.390] T0 | Marcado: [0,1,0,0,0,1,0,0,0,0,0,1]
[20:00:36.390] T1 | Marcado: [0,0,1,1,0,1,0,0,0,0,0,1]
[20:00:36.395] T4 | Marcado: [0,0,1,1,0,0,1,0,0,0,0,2]
[20:00:36.404] T11 | Marcado: [1,0,1,1,0,0,1,0,0,0,0,1]
[20:00:36.405] T0 | Marcado: [0,1,0,1,0,0,1,0,0,0,0,1]
[20:00:36.406] T1 | Marcado: [0,0,1,2,0,0,1,0,0,0,0,1]
[20:00:36.491] T5 | Marcado: [0,0,1,1,0,0,0,1,0,0,0,1]
[20:00:36.491] T6 | Marcado: [0,0,1,1,0,0,1,0,0,0,0,2]
[20:00:36.496] T11 | Marcado: [1,0,1,1,0,0,1,0,0,0,0,1]
[20:00:36.498] T0 | Marcado: [0,1,0,1,0,0,1,0,0,0,0,1]
[20:00:36.498] T1 | Marcado: [0,0,1,2,0,0,1,0,0,0,0,1]
[20:00:36.509] T7 | Marcado: [0,0,1,1,0,0,0,0,1,0,0,1]
[20:00:36.519] T8 | Marcado: [0,0,1,1,0,0,0,0,0,1,0,1]
[20:00:36.572] T11 | Marcado: [1,0,1,1,0,0,0,0,0,1,0,0]
[20:00:36.573] T0 | Marcado: [0,1,0,1,0,0,0,0,0,1,0,0]
[20:00:36.573] T1 | Marcado: [0,0,1,2,0,0,0,0,0,1,0,0]
[20:00:36.602] T9 | Marcado: [0,0,1,2,0,0,0,0,0,0,1,0]
[20:00:36.683] T10 | Marcado: [0,0,1,2,0,0,1,0,0,0,0,1]
[20:00:36.687] T2 | Marcado: [0,0,1,1,1,0,0,0,0,0,0,1]
[20:00:36.693] T3 | Marcado: [0,0,1,1,0,1,0,0,0,0,0,1]
[20:00:36.774] T4 | Marcado: [0,0,1,1,0,0,1,0,0,0,0,2]
[20:00:36.780] T5 | Marcado: [0,0,1,0,0,0,0,1,0,0,0,2]
[20:00:36.780] T6 | Marcado: [0,0,1,0,0,0,1,0,0,0,0,3]
[20:00:36.790] T11 | Marcado: [1,0,1,0,0,0,1,0,0,0,0,2]
[20:00:36.790] T0 | Marcado: [0,1,0,0,0,0,1,0,0,0,0,2]
[20:00:36.791] T1 | Marcado: [0,0,1,1,0,0,1,0,0,0,0,2]
[20:00:36.861] T11 | Marcado: [1,0,1,1,0,0,1,0,0,0,0,1]
[20:00:36.862] T0 | Marcado: [0,1,0,1,0,0,1,0,0,0,0,1]
[20:00:36.863] T1 | Marcado: [0,0,1,2,0,0,1,0,0,0,0,1]
[20:00:36.875] T11 | Marcado: [1,0,1,2,0,0,1,0,0,0,0,0]
[20:00:36.876] T0 | Marcado: [0,1,0,2,0,0,1,0,0,0,0,0]
[20:00:36.876] T1 | Marcado: [0,0,1,3,0,0,1,0,0,0,0,0]
[20:00:36.894] T7 | Marcado: [0,0,1,2,0,0,0,0,1,0,0,0]
[20:00:36.895] T8 | Marcado: [0,0,1,2,0,0,0,0,0,1,0,0]
[20:00:36.976] T9 | Marcado: [0,0,1,2,0,0,0,0,0,0,1,0]
[20:00:37.058] T10 | Marcado: [0,0,1,2,0,0,1,0,0,0,0,1]
[20:00:37.061] T2 | Marcado: [0,0,1,1,1,0,0,0,0,0,0,1]
[20:00:37.062] T3 | Marcado: [0,0,1,1,0,1,0,0,0,0,0,1]
[20:00:37.143] T4 | Marcado: [0,0,1,1,0,0,1,0,0,0,0,2]
[20:00:37.145] T5 | Marcado: [0,0,1,0,0,0,0,1,0,0,0,2]
[20:00:37.145] T6 | Marcado: [0,0,1,0,0,0,1,0,0,0,0,3]
[20:00:37.163] T11 | Marcado: [1,0,1,0,0,0,1,0,0,0,0,2]
[20:00:37.164] T0 | Marcado: [0,1,0,0,0,0,1,0,0,0,0,2]
[20:00:37.164] T1 | Marcado: [0,0,1,1,0,0,1,0,0,0,0,2]
[20:00:37.226] T11 | Marcado: [1,0,1,1,0,0,1,0,0,0,0,1]
[20:00:37.227] T0 | Marcado: [0,1,0,1,0,0,1,0,0,0,0,1]
[20:00:37.227] T1 | Marcado: [0,0,1,2,0,0,1,0,0,0,0,1]
[20:00:37.245] T11 | Marcado: [1,0,1,2,0,0,1,0,0,0,0,0]
[20:00:37.245] T0 | Marcado: [0,1,0,2,0,0,1,0,0,0,0,0]
[20:00:37.246] T1 | Marcado: [0,0,1,3,0,0,1,0,0,0,0,0]
[20:00:37.267] T7 | Marcado: [0,0,1,2,0,0,0,0,1,0,0,0]
[20:00:37.268] T8 | Marcado: [0,0,1,2,0,0,0,0,0,1,0,0]
[20:00:37.352] T9 | Marcado: [0,0,1,2,0,0,0,0,0,0,1,0]
[20:00:37.434] T10 | Marcado: [0,0,1,2,0,0,1,0,0,0,0,1]
[20:00:37.436] T5 | Marcado: [0,0,1,1,0,0,0,1,0,0,0,1]
[20:00:37.436] T6 | Marcado: [0,0,1,1,0,0,1,0,0,0,0,2]
[20:00:37.438] T2 | Marcado: [0,0,1,0,1,0,0,0,0,0,0,2]
[20:00:37.438] T3 | Marcado: [0,0,1,0,0,1,0,0,0,0,0,2]
[20:00:37.518] T11 | Marcado: [1,0,1,0,0,1,0,0,0,0,0,1]
[20:00:37.518] T0 | Marcado: [0,1,0,0,0,1,0,0,0,0,0,1]
[20:00:37.518] T1 | Marcado: [0,0,1,1,0,1,0,0,0,0,0,1]
[20:00:37.518] T4 | Marcado: [0,0,1,1,0,0,1,0,0,0,0,2]
[20:00:37.540] T11 | Marcado: [1,0,1,1,0,0,1,0,0,0,0,1]
[20:00:37.540] T0 | Marcado: [0,1,0,1,0,0,1,0,0,0,0,1]
[20:00:37.541] T1 | Marcado: [0,0,1,2,0,0,1,0,0,0,0,1]
[20:00:37.619] T5 | Marcado: [0,0,1,1,0,0,0,1,0,0,0,1]
[20:00:37.620] T11 | Marcado: [1,0,1,1,0,0,0,1,0,0,0,0]
[20:00:37.625] T0 | Marcado: [0,1,0,1,0,0,0,1,0,0,0,0]
[20:00:37.632] T1 | Marcado: [0,0,1,2,0,0,0,1,0,0,0,0]
[20:00:37.637] T6 | Marcado: [0,0,1,2,0,0,1,0,0,0,0,1]
[20:00:37.641] T7 | Marcado: [0,0,1,1,0,0,0,0,1,0,0,1]
[20:00:37.642] T8 | Marcado: [0,0,1,1,0,0,0,0,0,1,0,1]
[20:00:37.718] T11 | Marcado: [1,0,1,1,0,0,0,0,0,1,0,0]
[20:00:37.719] T0 | Marcado: [0,1,0,1,0,0,0,0,0,1,0,0]
[20:00:37.719] T1 | Marcado: [0,0,1,2,0,0,0,0,0,1,0,0]
[20:00:37.724] T9 | Marcado: [0,0,1,2,0,0,0,0,0,0,1,0]
[20:00:37.806] T10 | Marcado: [0,0,1,2,0,0,1,0,0,0,0,1]
[20:00:37.807] T2 | Marcado: [0,0,1,1,1,0,0,0,0,0,0,1]
[20:00:37.807] T3 | Marcado: [0,0,1,1,0,1,0,0,0,0,0,1]
[20:00:37.889] T4 | Marcado: [0,0,1,1,0,0,1,0,0,0,0,2]
[20:00:37.890] T5 | Marcado: [0,0,1,0,0,0,0,1,0,0,0,2]
[20:00:37.890] T6 | Marcado: [0,0,1,0,0,0,1,0,0,0,0,3]
[20:00:37.909] T11 | Marcado: [1,0,1,0,0,0,1,0,0,0,0,2]
[20:00:37.914] T0 | Marcado: [0,1,0,0,0,0,1,0,0,0,0,2]
[20:00:37.915] T1 | Marcado: [0,0,1,1,0,0,1,0,0,0,0,2]
[20:00:37.971] T11 | Marcado: [1,0,1,1,0,0,1,0,0,0,0,1]
[20:00:37.971] T0 | Marcado: [0,1,0,1,0,0,1,0,0,0,0,1]
[20:00:37.971] T1 | Marcado: [0,0,1,2,0,0,1,0,0,0,0,1]
[20:00:37.992] T11 | Marcado: [1,0,1,2,0,0,1,0,0,0,0,0]
[20:00:37.993] T0 | Marcado: [0,1,0,2,0,0,1,0,0,0,0,0]
[20:00:37.994] T1 | Marcado: [0,0,1,3,0,0,1,0,0,0,0,0]
[20:00:38.015] T7 | Marcado: [0,0,1,2,0,0,0,0,1,0,0,0]
[20:00:38.015] T8 | Marcado: [0,0,1,2,0,0,0,0,0,1,0,0]
[20:00:38.107] T9 | Marcado: [0,0,1,2,0,0,0,0,0,0,1,0]
[20:00:38.190] T10 | Marcado: [0,0,1,2,0,0,1,0,0,0,0,1]
[20:00:38.194] T2 | Marcado: [0,0,1,1,1,0,0,0,0,0,0,1]
[20:00:38.194] T3 | Marcado: [0,0,1,1,0,1,0,0,0,0,0,1]
[20:00:38.274] T4 | Marcado: [0,0,1,1,0,0,1,0,0,0,0,2]
[20:00:38.278] T5 | Marcado: [0,0,1,0,0,0,0,1,0,0,0,2]
[20:00:38.282] T6 | Marcado: [0,0,1,0,0,0,1,0,0,0,0,3]
[20:00:38.295] T11 | Marcado: [1,0,1,0,0,0,1,0,0,0,0,2]
[20:00:38.295] T0 | Marcado: [0,1,0,0,0,0,1,0,0,0,0,2]
[20:00:38.297] T1 | Marcado: [0,0,1,1,0,0,1,0,0,0,0,2]
[20:00:38.363] T11 | Marcado: [1,0,1,1,0,0,1,0,0,0,0,1]
[20:00:38.365] T0 | Marcado: [0,1,0,1,0,0,1,0,0,0,0,1]
[20:00:38.365] T1 | Marcado: [0,0,1,2,0,0,1,0,0,0,0,1]
[20:00:38.386] T11 | Marcado: [1,0,1,2,0,0,1,0,0,0,0,0]
[20:00:38.386] T0 | Marcado: [0,1,0,2,0,0,1,0,0,0,0,0]
[20:00:38.386] T1 | Marcado: [0,0,1,3,0,0,1,0,0,0,0,0]
[20:00:38.399] T7 | Marcado: [0,0,1,2,0,0,0,0,1,0,0,0]
[20:00:38.399] T8 | Marcado: [0,0,1,2,0,0,0,0,0,1,0,0]
[20:00:38.479] T9 | Marcado: [0,0,1,2,0,0,0,0,0,0,1,0]
[20:00:38.560] T10 | Marcado: [0,0,1,2,0,0,1,0,0,0,0,1]
[20:00:38.562] T5 | Marcado: [0,0,1,1,0,0,0,1,0,0,0,1]
[20:00:38.564] T6 | Marcado: [0,0,1,1,0,0,1,0,0,0,0,2]
[20:00:38.569] T2 | Marcado: [0,0,1,0,1,0,0,0,0,0,0,2]
[20:00:38.569] T3 | Marcado: [0,0,1,0,0,1,0,0,0,0,0,2]
[20:00:38.680] T11 | Marcado: [1,0,1,0,0,1,0,0,0,0,0,1]
[20:00:38.680] T4 | Marcado: [1,0,1,0,0,0,1,0,0,0,0,2]
[20:00:38.681] T11 | Marcado: [2,0,1,0,0,0,1,0,0,0,0,1]
[20:00:38.681] T0 | Marcado: [1,1,0,0,0,0,1,0,0,0,0,1]
[20:00:38.682] T1 | Marcado: [1,0,1,1,0,0,1,0,0,0,0,1]
[20:00:38.687] T0 | Marcado: [0,1,0,1,0,0,1,0,0,0,0,1]
[20:00:38.688] T1 | Marcado: [0,0,1,2,0,0,1,0,0,0,0,1]
[20:00:38.781] T11 | Marcado: [1,0,1,2,0,0,1,0,0,0,0,0]
[20:00:38.783] T5 | Marcado: [1,0,1,1,0,0,0,1,0,0,0,0]
[20:00:38.783] T0 | Marcado: [0,1,0,1,0,0,0,1,0,0,0,0]
[20:00:38.783] T6 | Marcado: [0,1,0,1,0,0,1,0,0,0,0,1]
[20:00:38.783] T1 | Marcado: [0,0,1,2,0,0,1,0,0,0,0,1]
[20:00:38.790] T7 | Marcado: [0,0,1,1,0,0,0,0,1,0,0,1]
[20:00:38.790] T8 | Marcado: [0,0,1,1,0,0,0,0,0,1,0,1]
[20:00:38.864] T11 | Marcado: [1,0,1,1,0,0,0,0,0,1,0,0]
[20:00:38.865] T0 | Marcado: [0,1,0,1,0,0,0,0,0,1,0,0]
[20:00:38.865] T1 | Marcado: [0,0,1,2,0,0,0,0,0,1,0,0]
[20:00:38.871] T9 | Marcado: [0,0,1,2,0,0,0,0,0,0,1,0]
[20:00:38.952] T10 | Marcado: [0,0,1,2,0,0,1,0,0,0,0,1]
[20:00:38.953] T2 | Marcado: [0,0,1,1,1,0,0,0,0,0,0,1]
[20:00:38.953] T3 | Marcado: [0,0,1,1,0,1,0,0,0,0,0,1]
[20:00:39.034] T4 | Marcado: [0,0,1,1,0,0,1,0,0,0,0,2]
[20:00:39.039] T5 | Marcado: [0,0,1,0,0,0,0,1,0,0,0,2]
[20:00:39.039] T6 | Marcado: [0,0,1,0,0,0,1,0,0,0,0,3]
[20:00:39.053] T11 | Marcado: [1,0,1,0,0,0,1,0,0,0,0,2]
[20:00:39.054] T0 | Marcado: [0,1,0,0,0,0,1,0,0,0,0,2]
[20:00:39.054] T1 | Marcado: [0,0,1,1,0,0,1,0,0,0,0,2]
[20:00:39.121] T11 | Marcado: [1,0,1,1,0,0,1,0,0,0,0,1]
[20:00:39.122] T0 | Marcado: [0,1,0,1,0,0,1,0,0,0,0,1]
[20:00:39.122] T1 | Marcado: [0,0,1,2,0,0,1,0,0,0,0,1]
[20:00:39.136] T11 | Marcado: [1,0,1,2,0,0,1,0,0,0,0,0]
[20:00:39.163] T0 | Marcado: [0,1,0,2,0,0,1,0,0,0,0,0]
[20:00:39.163] T7 | Marcado: [0,1,0,1,0,0,0,0,1,0,0,0]
[20:00:39.163] T1 | Marcado: [0,0,1,2,0,0,0,0,1,0,0,0]
[20:00:39.163] T8 | Marcado: [0,0,1,2,0,0,0,0,0,1,0,0]
[20:00:39.244] T9 | Marcado: [0,0,1,2,0,0,0,0,0,0,1,0]
[20:00:39.326] T10 | Marcado: [0,0,1,2,0,0,1,0,0,0,0,1]
[20:00:39.331] T2 | Marcado: [0,0,1,1,1,0,0,0,0,0,0,1]
[20:00:39.331] T3 | Marcado: [0,0,1,1,0,1,0,0,0,0,0,1]
[20:00:39.412] T4 | Marcado: [0,0,1,1,0,0,1,0,0,0,0,2]
[20:00:39.414] T5 | Marcado: [0,0,1,0,0,0,0,1,0,0,0,2]
[20:00:39.414] T6 | Marcado: [0,0,1,0,0,0,1,0,0,0,0,3]
[20:00:39.427] T11 | Marcado: [1,0,1,0,0,0,1,0,0,0,0,2]
[20:00:39.427] T0 | Marcado: [0,1,0,0,0,0,1,0,0,0,0,2]
[20:00:39.427] T1 | Marcado: [0,0,1,1,0,0,1,0,0,0,0,2]
[20:00:39.495] T11 | Marcado: [1,0,1,1,0,0,1,0,0,0,0,1]
[20:00:39.496] T0 | Marcado: [0,1,0,1,0,0,1,0,0,0,0,1]
[20:00:39.496] T1 | Marcado: [0,0,1,2,0,0,1,0,0,0,0,1]
[20:00:39.513] T11 | Marcado: [1,0,1,2,0,0,1,0,0,0,0,0]
[20:00:39.517] T0 | Marcado: [0,1,0,2,0,0,1,0,0,0,0,0]
[20:00:39.525] T1 | Marcado: [0,0,1,3,0,0,1,0,0,0,0,0]
[20:00:39.540] T7 | Marcado: [0,0,1,2,0,0,0,0,1,0,0,0]
[20:00:39.540] T8 | Marcado: [0,0,1,2,0,0,0,0,0,1,0,0]
[20:00:39.623] T9 | Marcado: [0,0,1,2,0,0,0,0,0,0,1,0]
[20:00:39.708] T10 | Marcado: [0,0,1,2,0,0,1,0,0,0,0,1]
[20:00:39.713] T5 | Marcado: [0,0,1,1,0,0,0,1,0,0,0,1]
[20:00:39.713] T6 | Marcado: [0,0,1,1,0,0,1,0,0,0,0,2]
[20:00:39.720] T2 | Marcado: [0,0,1,0,1,0,0,0,0,0,0,2]
[20:00:39.720] T3 | Marcado: [0,0,1,0,0,1,0,0,0,0,0,2]
[20:00:39.793] T11 | Marcado: [1,0,1,0,0,1,0,0,0,0,0,1]
[20:00:39.795] T0 | Marcado: [0,1,0,0,0,1,0,0,0,0,0,1]
[20:00:39.795] T1 | Marcado: [0,0,1,1,0,1,0,0,0,0,0,1]
[20:00:39.801] T4 | Marcado: [0,0,1,1,0,0,1,0,0,0,0,2]
[20:00:39.810] T11 | Marcado: [1,0,1,1,0,0,1,0,0,0,0,1]
[20:00:39.812] T0 | Marcado: [0,1,0,1,0,0,1,0,0,0,0,1]
[20:00:39.815] T1 | Marcado: [0,0,1,2,0,0,1,0,0,0,0,1]
[20:00:39.896] T5 | Marcado: [0,0,1,1,0,0,0,1,0,0,0,1]
[20:00:39.896] T6 | Marcado: [0,0,1,1,0,0,1,0,0,0,0,2]
[20:00:39.903] T11 | Marcado: [1,0,1,1,0,0,1,0,0,0,0,1]
[20:00:39.905] T0 | Marcado: [0,1,0,1,0,0,1,0,0,0,0,1]
[20:00:39.906] T1 | Marcado: [0,0,1,2,0,0,1,0,0,0,0,1]
[20:00:39.917] T7 | Marcado: [0,0,1,1,0,0,0,0,1,0,0,1]
[20:00:39.918] T8 | Marcado: [0,0,1,1,0,0,0,0,0,1,0,1]
[20:00:39.977] T11 | Marcado: [1,0,1,1,0,0,0,0,0,1,0,0]
[20:00:39.978] T0 | Marcado: [0,1,0,1,0,0,0,0,0,1,0,0]
[20:00:39.978] T1 | Marcado: [0,0,1,2,0,0,0,0,0,1,0,0]
[20:00:40.001] T9 | Marcado: [0,0,1,2,0,0,0,0,0,0,1,0]
[20:00:40.083] T10 | Marcado: [0,0,1,2,0,0,1,0,0,0,0,1]
[20:00:40.085] T5 | Marcado: [0,0,1,1,0,0,0,1,0,0,0,1]
[20:00:40.085] T6 | Marcado: [0,0,1,1,0,0,1,0,0,0,0,2]
[20:00:40.088] T2 | Marcado: [0,0,1,0,1,0,0,0,0,0,0,2]
[20:00:40.090] T3 | Marcado: [0,0,1,0,0,1,0,0,0,0,0,2]
[20:00:40.166] T11 | Marcado: [1,0,1,0,0,1,0,0,0,0,0,1]
[20:00:40.167] T0 | Marcado: [0,1,0,0,0,1,0,0,0,0,0,1]
[20:00:40.168] T1 | Marcado: [0,0,1,1,0,1,0,0,0,0,0,1]
[20:00:40.174] T4 | Marcado: [0,0,1,1,0,0,1,0,0,0,0,2]
[20:00:40.184] T11 | Marcado: [1,0,1,1,0,0,1,0,0,0,0,1]
[20:00:40.184] T0 | Marcado: [0,1,0,1,0,0,1,0,0,0,0,1]
[20:00:40.185] T1 | Marcado: [0,0,1,2,0,0,1,0,0,0,0,1]
[20:00:40.271] T5 | Marcado: [0,0,1,1,0,0,0,1,0,0,0,1]
[20:00:40.271] T6 | Marcado: [0,0,1,1,0,0,1,0,0,0,0,2]
[20:00:40.275] T11 | Marcado: [1,0,1,1,0,0,1,0,0,0,0,1]
[20:00:40.277] T0 | Marcado: [0,1,0,1,0,0,1,0,0,0,0,1]
[20:00:40.278] T1 | Marcado: [0,0,1,2,0,0,1,0,0,0,0,1]
[20:00:40.288] T7 | Marcado: [0,0,1,1,0,0,0,0,1,0,0,1]
[20:00:40.289] T8 | Marcado: [0,0,1,1,0,0,0,0,0,1,0,1]
[20:00:40.354] T11 | Marcado: [1,0,1,1,0,0,0,0,0,1,0,0]
[20:00:40.355] T0 | Marcado: [0,1,0,1,0,0,0,0,0,1,0,0]
[20:00:40.355] T1 | Marcado: [0,0,1,2,0,0,0,0,0,1,0,0]
[20:00:40.372] T9 | Marcado: [0,0,1,2,0,0,0,0,0,0,1,0]
[20:00:40.452] T10 | Marcado: [0,0,1,2,0,0,1,0,0,0,0,1]
[20:00:40.457] T2 | Marcado: [0,0,1,1,1,0,0,0,0,0,0,1]
[20:00:40.457] T3 | Marcado: [0,0,1,1,0,1,0,0,0,0,0,1]
[20:00:40.537] T4 | Marcado: [0,0,1,1,0,0,1,0,0,0,0,2]
[20:00:40.541] T5 | Marcado: [0,0,1,0,0,0,0,1,0,0,0,2]
[20:00:40.541] T6 | Marcado: [0,0,1,0,0,0,1,0,0,0,0,3]
[20:00:40.555] T11 | Marcado: [1,0,1,0,0,0,1,0,0,0,0,2]
[20:00:40.623] T11 | Marcado: [2,0,1,0,0,0,1,0,0,0,0,1]
[20:00:40.639] T11 | Marcado: [3,0,1,0,0,0,1,0,0,0,0,0]
[20:00:40.711] 
Marcado final: [3, 0, 1, 0, 0, 0, 1, 0, 0, 0, 0, 0]
[20:00:40.711] 
=== ANÁLISIS DE INVARIANTES DE TRANSICIÓN ===
[20:00:40.741] Invariante 1 (Simple: 0→1→2→3→4→11): 21
[20:00:40.741] Invariante 2 (Media: 0→1→5→6→11): 168
[20:00:40.741] Invariante 3 (Alta: 0→1→7→8→9→10→11): 4
[20:00:40.741] Total de transiciones disparadas: 1185
[20:00:40.743] 
=== ESTADÍSTICAS FINALES ===
[20:00:40.743] Tiempo total de ejecución: 22674 ms (22,67 s)
[20:00:40.744] Invariantes completados: 202
[20:00:40.744]   - Simple (T0→T1→T2→T3→T4→T11): 59
[20:00:40.744]   - Media (T0→T1→T5→T6→T11): 85
[20:00:40.744]   - Alta (T0→T1→T7→T8→T9→T10→T11): 58
[20:00:40.744] Sistema finalizado
